{"D:\\@面试\\前端\\vue3_component\\src\\utils.ts": {"path":"D:\\@面试\\前端\\vue3_component\\src\\utils.ts","statementMap":{"0":{"start":{"line":1,"column":0},"end":{"line":1,"column":66}},"1":{"start":{"line":6,"column":49},"end":{"line":6,"column":69}},"2":{"start":{"line":7,"column":2},"end":{"line":10,"column":null}},"3":{"start":{"line":8,"column":4},"end":{"line":8,"column":null}},"4":{"start":{"line":9,"column":4},"end":{"line":9,"column":10}},"5":{"start":{"line":11,"column":2},"end":{"line":11,"column":null}},"6":{"start":{"line":12,"column":2},"end":{"line":12,"column":null}},"7":{"start":{"line":13,"column":2},"end":{"line":13,"column":null}},"8":{"start":{"line":5,"column":0},"end":{"line":5,"column":16}}},"fnMap":{"0":{"name":"useGlobalConfig","decl":{"start":{"line":5,"column":16},"end":{"line":5,"column":31}},"loc":{"start":{"line":5,"column":31},"end":{"line":14,"column":1}}}},"branchMap":{"0":{"loc":{"start":{"line":7,"column":2},"end":{"line":10,"column":null}},"type":"if","locations":[{"start":{"line":7,"column":2},"end":{"line":10,"column":null}}]},"1":{"loc":{"start":{"line":13,"column":9},"end":{"line":13,"column":69}},"type":"binary-expr","locations":[{"start":{"line":13,"column":9},"end":{"line":13,"column":63}},{"start":{"line":13,"column":67},"end":{"line":13,"column":69}}]}},"s":{"0":1,"1":4,"2":4,"3":0,"4":0,"5":4,"6":4,"7":4,"8":1},"f":{"0":4},"b":{"0":[0],"1":[4,3]}}
,"D:\\@面试\\前端\\vue3_component\\src\\components\\button\\Button.vue": {"path":"D:\\@面试\\前端\\vue3_component\\src\\components\\button\\Button.vue","statementMap":{"0":{"start":{"line":3,"column":0},"end":{"line":5,"column":3}},"1":{"start":{"line":6,"column":0},"end":{"line":8,"column":2}},"2":{"start":{"line":9,"column":0},"end":{"line":9,"column":13}},"3":{"start":{"line":11,"column":15},"end":{"line":20,"column":1}},"4":{"start":{"line":12,"column":2},"end":{"line":18,"column":4}},"5":{"start":{"line":13,"column":4},"end":{"line":16,"column":5}},"6":{"start":{"line":13,"column":20},"end":{"line":13,"column":21}},"7":{"start":{"line":13,"column":27},"end":{"line":13,"column":43}},"8":{"start":{"line":14,"column":6},"end":{"line":14,"column":23}},"9":{"start":{"line":15,"column":6},"end":{"line":15,"column":83}},"10":{"start":{"line":15,"column":23},"end":{"line":15,"column":83}},"11":{"start":{"line":15,"column":71},"end":{"line":15,"column":83}},"12":{"start":{"line":17,"column":4},"end":{"line":17,"column":13}},"13":{"start":{"line":19,"column":2},"end":{"line":19,"column":41}},"14":{"start":{"line":21,"column":0},"end":{"line":23,"column":3}},"15":{"start":{"line":24,"column":12},"end":{"line":24,"column":26}},"16":{"start":{"line":25,"column":12},"end":{"line":25,"column":26}},"17":{"start":{"line":26,"column":14},"end":{"line":26,"column":36}},"18":{"start":{"line":27,"column":18},"end":{"line":29,"column":1}},"19":{"start":{"line":30,"column":0},"end":{"line":63,"column":4}},"20":{"start":{"line":44,"column":19},"end":{"line":44,"column":28}},"21":{"start":{"line":45,"column":4},"end":{"line":45,"column":15}},"22":{"start":{"line":46,"column":16},"end":{"line":46,"column":23}},"23":{"start":{"line":47,"column":23},"end":{"line":47,"column":53}},"24":{"start":{"line":48,"column":21},"end":{"line":51,"column":6}},"25":{"start":{"line":49,"column":6},"end":{"line":49,"column":44}},"26":{"start":{"line":50,"column":6},"end":{"line":50,"column":45}},"27":{"start":{"line":52,"column":23},"end":{"line":56,"column":5}},"28":{"start":{"line":57,"column":4},"end":{"line":60,"column":7}},"29":{"start":{"line":61,"column":4},"end":{"line":61,"column":24}},"30":{"start":{"line":65,"column":0},"end":{"line":65,"column":62}},"31":{"start":{"line":66,"column":0},"end":{"line":66,"column":24}},"32":{"start":{"line":67,"column":12},"end":{"line":67,"column":26}},"33":{"start":{"line":69,"column":4},"end":{"line":76,"column":23}},"34":{"start":{"line":78,"column":0},"end":{"line":78,"column":24}},"35":{"start":{"line":79,"column":1},"end":{"line":79,"column":48}}},"fnMap":{"0":{"name":"(anonymous_0)","decl":{"start":{"line":11,"column":40},"end":{"line":11,"column":41}},"loc":{"start":{"line":11,"column":52},"end":{"line":20,"column":1}},"line":11},"1":{"name":"(anonymous_1)","decl":{"start":{"line":12,"column":30},"end":{"line":12,"column":31}},"loc":{"start":{"line":12,"column":43},"end":{"line":18,"column":3}},"line":12},"2":{"name":"(anonymous_2)","decl":{"start":{"line":43,"column":9},"end":{"line":43,"column":10}},"loc":{"start":{"line":43,"column":32},"end":{"line":62,"column":3}},"line":43},"3":{"name":"(anonymous_3)","decl":{"start":{"line":48,"column":41},"end":{"line":48,"column":42}},"loc":{"start":{"line":48,"column":53},"end":{"line":51,"column":5}},"line":48},"4":{"name":"render","decl":{"start":{"line":68,"column":9},"end":{"line":68,"column":15}},"loc":{"start":{"line":68,"column":63},"end":{"line":77,"column":1}},"line":68}},"branchMap":{"0":{"loc":{"start":{"line":11,"column":15},"end":{"line":20,"column":1}},"type":"binary-expr","locations":[{"start":{"line":11,"column":15},"end":{"line":11,"column":19}},{"start":{"line":11,"column":23},"end":{"line":11,"column":36}},{"start":{"line":11,"column":40},"end":{"line":20,"column":1}}],"line":11},"1":{"loc":{"start":{"line":12,"column":13},"end":{"line":18,"column":3}},"type":"binary-expr","locations":[{"start":{"line":12,"column":13},"end":{"line":12,"column":26}},{"start":{"line":12,"column":30},"end":{"line":18,"column":3}}],"line":12},"2":{"loc":{"start":{"line":15,"column":23},"end":{"line":15,"column":83}},"type":"if","locations":[{"start":{"line":15,"column":23},"end":{"line":15,"column":83}},{"start":{},"end":{}}],"line":15},"3":{"loc":{"start":{"line":50,"column":13},"end":{"line":50,"column":44}},"type":"binary-expr","locations":[{"start":{"line":50,"column":13},"end":{"line":50,"column":23}},{"start":{"line":50,"column":27},"end":{"line":50,"column":44}}],"line":50},"4":{"loc":{"start":{"line":71,"column":16},"end":{"line":71,"column":80}},"type":"cond-expr","locations":[{"start":{"line":71,"column":36},"end":{"line":71,"column":75}},{"start":{"line":71,"column":78},"end":{"line":71,"column":80}}],"line":71},"5":{"loc":{"start":{"line":72,"column":16},"end":{"line":72,"column":68}},"type":"cond-expr","locations":[{"start":{"line":72,"column":30},"end":{"line":72,"column":63}},{"start":{"line":72,"column":66},"end":{"line":72,"column":68}}],"line":72}},"s":{"0":1,"1":1,"2":1,"3":1,"4":2,"5":0,"6":0,"7":0,"8":0,"9":0,"10":0,"11":0,"12":0,"13":2,"14":1,"15":1,"16":1,"17":1,"18":1,"19":1,"20":4,"21":4,"22":4,"23":4,"24":4,"25":4,"26":4,"27":4,"28":4,"29":4,"30":1,"31":1,"32":1,"33":4,"34":1,"35":1},"f":{"0":2,"1":0,"2":4,"3":4,"4":4},"b":{"0":[1,1,1],"1":[2,0],"2":[0,0],"3":[4,3],"4":[2,2],"5":[1,3]},"inputSourceMap":{"0":"{","1":"\"","2":"v","3":"e","4":"r","5":"s","6":"i","7":"o","8":"n","9":"\"","10":":","11":"3","12":",","13":"\"","14":"s","15":"o","16":"u","17":"r","18":"c","19":"e","20":"s","21":"\"","22":":","23":"[","24":"\"","25":"D","26":":","27":"\\","28":"\\","29":"@","30":"面","31":"试","32":"\\","33":"\\","34":"前","35":"端","36":"\\","37":"\\","38":"v","39":"u","40":"e","41":"3","42":"_","43":"c","44":"o","45":"m","46":"p","47":"o","48":"n","49":"e","50":"n","51":"t","52":"\\","53":"\\","54":"s","55":"r","56":"c","57":"\\","58":"\\","59":"c","60":"o","61":"m","62":"p","63":"o","64":"n","65":"e","66":"n","67":"t","68":"s","69":"\\","70":"\\","71":"b","72":"u","73":"t","74":"t","75":"o","76":"n","77":"\\","78":"\\","79":"B","80":"u","81":"t","82":"t","83":"o","84":"n","85":".","86":"v","87":"u","88":"e","89":"\"","90":",","91":"\"","92":"D","93":":","94":"/","95":"@","96":"面","97":"试","98":"/","99":"前","100":"端","101":"/","102":"v","103":"u","104":"e","105":"3","106":"_","107":"c","108":"o","109":"m","110":"p","111":"o","112":"n","113":"e","114":"n","115":"t","116":"/","117":"s","118":"r","119":"c","120":"/","121":"c","122":"o","123":"m","124":"p","125":"o","126":"n","127":"e","128":"n","129":"t","130":"s","131":"/","132":"b","133":"u","134":"t","135":"t","136":"o","137":"n","138":"/","139":"B","140":"u","141":"t","142":"t","143":"o","144":"n","145":".","146":"v","147":"u","148":"e","149":"\"","150":"]","151":",","152":"\"","153":"n","154":"a","155":"m","156":"e","157":"s","158":"\"","159":":","160":"[","161":"]","162":",","163":"\"","164":"m","165":"a","166":"p","167":"p","168":"i","169":"n","170":"g","171":"s","172":"\"","173":":","174":"\"","175":";","176":";","177":";","178":";","179":";","180":"A","181":"A","182":"a","183":"A","184":",","185":"k","186":"B","187":"A","188":"A","189":"c","190":";","191":"E","192":"A","193":"C","194":"Z","195":",","196":"I","197":"A","198":"A","199":"I","200":",","201":"E","202":"A","203":"A","204":"C","205":";","206":"C","207":"A","208":"C","209":"N","210":";","211":";","212":";","213":";","214":";","215":";","216":";","217":";","218":";","219":";","220":";","221":";","222":";","223":";","224":";","225":";","226":";","227":"A","228":"C","229":"K","230":"D","231":";","232":"A","233":"A","234":"C","235":"A","236":";","237":"A","238":"A","239":"R","240":"A","241":",","242":"I","243":"A","244":"A","245":"M","246":",","247":"W","248":"A","249":"A","250":"W","251":",","252":"G","253":"A","254":"A","255":"G","256":";","257":"E","258":"A","259":"C","260":"l","261":"B","262":",","263":"I","264":"A","265":"A","266":"I","267":",","268":"E","269":"A","270":"A","271":"C","272":";","273":"C","274":"A","275":"C","276":"N","277":";","278":";","279":";","280":";","281":";","282":";","283":";","284":";","285":";","286":";","287":";","288":";","289":";","290":";","291":";","292":";","293":";","294":";","295":"I","296":"A","297":"g","298":"B","299":"D","300":",","301":"I","302":"A","303":"A","304":"M","305":",","306":"Y","307":"A","308":"A","309":"Y","310":",","311":"G","312":"A","313":"A","314":"G","315":",","316":"2","317":"B","318":"A","319":"A","320":"e","321":",","322":"G","323":"A","324":"A","325":"E","326":";","327":"I","328":"A","329":"C","330":"t","331":"C","332":",","333":"I","334":"A","335":"A","336":"M","337":",","338":"U","339":"A","340":"A","341":"U","342":",","343":"G","344":"A","345":"A","346":"G","347":",","348":"k","349":"B","350":"A","351":"A","352":"Q","353":",","354":"E","355":"A","356":"A","357":"C","358":";","359":"M","360":"A","361":"C","362":"1","363":"B","364":",","365":"O","366":"A","367":"A","368":"O","369":",","370":"C","371":"A","372":"A","373":"C","374":",","375":"G","376":"A","377":"A","378":"G","379":",","380":"C","381":"A","382":"A","383":"C","384":",","385":"K","386":"A","387":"A","388":"K","389":",","390":"C","391":"A","392":"A","393":"C","394":",","395":"I","396":"A","397":"A","398":"I","399":",","400":"E","401":"A","402":"A","403":"C","404":",","405":"Y","406":"A","407":"A","408":"Y","409":",","410":"C","411":"A","412":"A","413":"C","414":";","415":"M","416":"A","417":"C","418":"p","419":"C","420":",","421":"O","422":"A","423":"A","424":"O","425":",","426":"K","427":"A","428":"A","429":"K","430":",","431":"C","432":"A","433":"A","434":"C","435":",","436":"I","437":"A","438":"A","439":"I","440":",","441":"I","442":"A","443":"A","444":"E","445":",","446":"Y","447":"A","448":"A","449":"Y","450":",","451":"C","452":"A","453":"A","454":"C","455":",","456":"I","457":"A","458":"A","459":"I","460":";","461":"I","462":"A","463":"C","464":"t","465":"C","466":",","467":"C","468":"A","469":"A","470":"C","471":",","472":"C","473":"A","474":"A","475":"C","476":"\"","477":",","478":"\"","479":"f","480":"i","481":"l","482":"e","483":"\"","484":":","485":"\"","486":"D","487":":","488":"\\","489":"\\","490":"@","491":"面","492":"试","493":"\\","494":"\\","495":"前","496":"端","497":"\\","498":"\\","499":"v","500":"u","501":"e","502":"3","503":"_","504":"c","505":"o","506":"m","507":"p","508":"o","509":"n","510":"e","511":"n","512":"t","513":"\\","514":"\\","515":"s","516":"r","517":"c","518":"\\","519":"\\","520":"c","521":"o","522":"m","523":"p","524":"o","525":"n","526":"e","527":"n","528":"t","529":"s","530":"\\","531":"\\","532":"b","533":"u","534":"t","535":"t","536":"o","537":"n","538":"\\","539":"\\","540":"B","541":"u","542":"t","543":"t","544":"o","545":"n","546":".","547":"v","548":"u","549":"e","550":"\"","551":",","552":"\"","553":"s","554":"o","555":"u","556":"r","557":"c","558":"e","559":"s","560":"C","561":"o","562":"n","563":"t","564":"e","565":"n","566":"t","567":"\"","568":":","569":"[","570":"\"","571":"<","572":"t","573":"e","574":"m","575":"p","576":"l","577":"a","578":"t","579":"e","580":">","581":"\\","582":"r","583":"\\","584":"n","585":" ","586":" ","587":"<","588":"b","589":"u","590":"t","591":"t","592":"o","593":"n","594":"\\","595":"r","596":"\\","597":"n","598":" ","599":" ","600":" ","601":" ","602":"c","603":"l","604":"a","605":"s","606":"s","607":"=","608":"\\","609":"\"","610":"e","611":"l","612":"-","613":"b","614":"u","615":"t","616":"t","617":"o","618":"n","619":"\\","620":"\"","621":" ","622":"\\","623":"r","624":"\\","625":"n","626":" ","627":" ","628":" ","629":" ","630":":","631":"c","632":"l","633":"a","634":"s","635":"s","636":"=","637":"\\","638":"\"","639":"[","640":"\\","641":"r","642":"\\","643":"n","644":" ","645":" ","646":" ","647":" ","648":" ","649":" ","650":"b","651":"u","652":"t","653":"t","654":"o","655":"n","656":"S","657":"i","658":"z","659":"e","660":" ","661":"?","662":" ","663":"`","664":"e","665":"l","666":"-","667":"b","668":"u","669":"t","670":"t","671":"o","672":"n","673":"-","674":"-","675":"$","676":"{","677":"b","678":"u","679":"t","680":"t","681":"o","682":"n","683":"S","684":"i","685":"z","686":"e","687":"}","688":"`","689":" ","690":":","691":" ","692":"'","693":"'","694":",","695":"\\","696":"r","697":"\\","698":"n","699":" ","700":" ","701":" ","702":" ","703":" ","704":" ","705":"t","706":"y","707":"p","708":"e","709":" ","710":"?","711":" ","712":"`","713":"e","714":"l","715":"-","716":"b","717":"u","718":"t","719":"t","720":"o","721":"n","722":"-","723":"-","724":"$","725":"{","726":"t","727":"y","728":"p","729":"e","730":"}","731":"`","732":" ","733":":","734":" ","735":"'","736":"'","737":"\\","738":"r","739":"\\","740":"n","741":" ","742":" ","743":" ","744":" ","745":"]","746":"\\","747":"\"","748":"\\","749":"r","750":"\\","751":"n","752":" ","753":" ","754":">","755":"\\","756":"r","757":"\\","758":"n","759":" ","760":" ","761":" ","762":" ","763":"<","764":"s","765":"l","766":"o","767":"t","768":" ","769":"/","770":">","771":"\\","772":"r","773":"\\","774":"n","775":" ","776":" ","777":"<","778":"/","779":"b","780":"u","781":"t","782":"t","783":"o","784":"n","785":">","786":"\\","787":"r","788":"\\","789":"n","790":"<","791":"/","792":"t","793":"e","794":"m","795":"p","796":"l","797":"a","798":"t","799":"e","800":">","801":"\\","802":"r","803":"\\","804":"n","805":"\\","806":"r","807":"\\","808":"n","809":"<","810":"s","811":"c","812":"r","813":"i","814":"p","815":"t","816":" ","817":"l","818":"a","819":"n","820":"g","821":"=","822":"\\","823":"\"","824":"t","825":"s","826":"\\","827":"\"","828":">","829":"\\","830":"r","831":"\\","832":"n","833":"e","834":"x","835":"p","836":"o","837":"r","838":"t","839":" ","840":"d","841":"e","842":"f","843":"a","844":"u","845":"l","846":"t","847":"{","848":"\\","849":"r","850":"\\","851":"n","852":" ","853":" ","854":"n","855":"a","856":"m","857":"e","858":":","859":"'","860":"E","861":"l","862":"B","863":"u","864":"t","865":"t","866":"o","867":"n","868":"'","869":"\\","870":"r","871":"\\","872":"n","873":"}","874":"\\","875":"r","876":"\\","877":"n","878":"<","879":"/","880":"s","881":"c","882":"r","883":"i","884":"p","885":"t","886":">","887":"\\","888":"r","889":"\\","890":"n","891":"\\","892":"r","893":"\\","894":"n","895":"<","896":"s","897":"c","898":"r","899":"i","900":"p","901":"t","902":" ","903":"s","904":"e","905":"t","906":"u","907":"p","908":" ","909":"l","910":"a","911":"n","912":"g","913":"=","914":"\\","915":"\"","916":"t","917":"s","918":"\\","919":"\"","920":">","921":"\\","922":"r","923":"\\","924":"n","925":"\\","926":"r","927":"\\","928":"n","929":"i","930":"m","931":"p","932":"o","933":"r","934":"t","935":" ","936":"{","937":"c","938":"o","939":"m","940":"p","941":"u","942":"t","943":"e","944":"d","945":",","946":" ","947":"w","948":"i","949":"t","950":"h","951":"D","952":"e","953":"f","954":"a","955":"u","956":"l","957":"t","958":"s","959":"}","960":" ","961":"f","962":"r","963":"o","964":"m","965":" ","966":"'","967":"v","968":"u","969":"e","970":"'","971":"\\","972":"r","973":"\\","974":"n","975":"i","976":"m","977":"p","978":"o","979":"r","980":"t","981":" ","982":"{","983":" ","984":"u","985":"s","986":"e","987":"G","988":"l","989":"o","990":"b","991":"a","992":"l","993":"C","994":"o","995":"n","996":"f","997":"i","998":"g","999":" ","1000":"}","1001":" ","1002":"f","1003":"r","1004":"o","1005":"m","1006":" ","1007":"'","1008":".","1009":".","1010":"/","1011":".","1012":".","1013":"/","1014":"u","1015":"t","1016":"i","1017":"l","1018":"s","1019":"'","1020":"\\","1021":"r","1022":"\\","1023":"n","1024":"\\","1025":"r","1026":"\\","1027":"n","1028":"i","1029":"n","1030":"t","1031":"e","1032":"r","1033":"f","1034":"a","1035":"c","1036":"e","1037":" ","1038":"P","1039":"r","1040":"o","1041":"p","1042":"s","1043":" ","1044":"{","1045":"\\","1046":"r","1047":"\\","1048":"n","1049":" ","1050":" ","1051":"s","1052":"i","1053":"z","1054":"e","1055":"?","1056":":","1057":"\\","1058":"\"","1059":"\\","1060":"\"","1061":"|","1062":"'","1063":"s","1064":"m","1065":"a","1066":"l","1067":"l","1068":"'","1069":"|","1070":"'","1071":"m","1072":"e","1073":"d","1074":"i","1075":"u","1076":"m","1077":"'","1078":"|","1079":"'","1080":"l","1081":"a","1082":"r","1083":"g","1084":"e","1085":"'","1086":",","1087":"\\","1088":"r","1089":"\\","1090":"n","1091":" ","1092":" ","1093":"t","1094":"y","1095":"p","1096":"e","1097":"?","1098":":","1099":"\\","1100":"\"","1101":"\\","1102":"\"","1103":"|","1104":"'","1105":"p","1106":"r","1107":"i","1108":"m","1109":"a","1110":"r","1111":"y","1112":"'","1113":"|","1114":"'","1115":"s","1116":"u","1117":"c","1118":"c","1119":"e","1120":"s","1121":"s","1122":"'","1123":"|","1124":"'","1125":"d","1126":"a","1127":"n","1128":"g","1129":"e","1130":"r","1131":"'","1132":"\\","1133":"r","1134":"\\","1135":"n","1136":"}","1137":"\\","1138":"r","1139":"\\","1140":"n","1141":"c","1142":"o","1143":"n","1144":"s","1145":"t","1146":" ","1147":"p","1148":"r","1149":"o","1150":"p","1151":"s","1152":" ","1153":"=","1154":" ","1155":"w","1156":"i","1157":"t","1158":"h","1159":"D","1160":"e","1161":"f","1162":"a","1163":"u","1164":"l","1165":"t","1166":"s","1167":"(","1168":"d","1169":"e","1170":"f","1171":"i","1172":"n","1173":"e","1174":"P","1175":"r","1176":"o","1177":"p","1178":"s","1179":"<","1180":"P","1181":"r","1182":"o","1183":"p","1184":"s","1185":">","1186":"(","1187":")","1188":",","1189":"{","1190":"\\","1191":"r","1192":"\\","1193":"n","1194":" ","1195":" ","1196":"s","1197":"i","1198":"z","1199":"e","1200":":","1201":"\\","1202":"\"","1203":"\\","1204":"\"","1205":",","1206":"\\","1207":"r","1208":"\\","1209":"n","1210":" ","1211":" ","1212":"t","1213":"y","1214":"p","1215":"e","1216":":","1217":"\\","1218":"\"","1219":"\\","1220":"\"","1221":"\\","1222":"r","1223":"\\","1224":"n","1225":"}","1226":")","1227":"\\","1228":"r","1229":"\\","1230":"n","1231":"c","1232":"o","1233":"n","1234":"s","1235":"t","1236":" ","1237":"g","1238":"l","1239":"o","1240":"b","1241":"a","1242":"l","1243":"C","1244":"o","1245":"n","1246":"f","1247":"i","1248":"g","1249":" ","1250":"=","1251":" ","1252":"u","1253":"s","1254":"e","1255":"G","1256":"l","1257":"o","1258":"b","1259":"a","1260":"l","1261":"C","1262":"o","1263":"n","1264":"f","1265":"i","1266":"g","1267":"(","1268":")","1269":"\\","1270":"r","1271":"\\","1272":"n","1273":"c","1274":"o","1275":"n","1276":"s","1277":"t","1278":" ","1279":"b","1280":"u","1281":"t","1282":"t","1283":"o","1284":"n","1285":"S","1286":"i","1287":"z","1288":"e","1289":" ","1290":"=","1291":" ","1292":"c","1293":"o","1294":"m","1295":"p","1296":"u","1297":"t","1298":"e","1299":"d","1300":"(","1301":"(","1302":")","1303":"=","1304":">","1305":"{","1306":"\\","1307":"r","1308":"\\","1309":"n","1310":" ","1311":" ","1312":"c","1313":"o","1314":"n","1315":"s","1316":"o","1317":"l","1318":"e","1319":".","1320":"l","1321":"o","1322":"g","1323":"(","1324":"p","1325":"r","1326":"o","1327":"p","1328":"s","1329":".","1330":"s","1331":"i","1332":"z","1333":"e","1334":",","1335":"g","1336":"l","1337":"o","1338":"b","1339":"a","1340":"l","1341":"C","1342":"o","1343":"n","1344":"f","1345":"i","1346":"g","1347":")","1348":"\\","1349":"r","1350":"\\","1351":"n","1352":" ","1353":" ","1354":"r","1355":"e","1356":"t","1357":"u","1358":"r","1359":"n","1360":" ","1361":"p","1362":"r","1363":"o","1364":"p","1365":"s","1366":".","1367":"s","1368":"i","1369":"z","1370":"e","1371":"|","1372":"|","1373":"g","1374":"l","1375":"o","1376":"b","1377":"a","1378":"l","1379":"C","1380":"o","1381":"n","1382":"f","1383":"i","1384":"g","1385":".","1386":"s","1387":"i","1388":"z","1389":"e","1390":"\\","1391":"r","1392":"\\","1393":"n","1394":"}","1395":")","1396":"\\","1397":"r","1398":"\\","1399":"n","1400":"<","1401":"/","1402":"s","1403":"c","1404":"r","1405":"i","1406":"p","1407":"t","1408":">","1409":"\\","1410":"r","1411":"\\","1412":"n","1413":"\\","1414":"r","1415":"\\","1416":"n","1417":"<","1418":"s","1419":"t","1420":"y","1421":"l","1422":"e","1423":" ","1424":"l","1425":"a","1426":"n","1427":"g","1428":"=","1429":"\\","1430":"\"","1431":"s","1432":"c","1433":"s","1434":"s","1435":"\\","1436":"\"","1437":">","1438":"\\","1439":"r","1440":"\\","1441":"n","1442":"@","1443":"i","1444":"m","1445":"p","1446":"o","1447":"r","1448":"t","1449":" ","1450":"'","1451":".","1452":".","1453":"/","1454":"s","1455":"t","1456":"y","1457":"l","1458":"e","1459":"s","1460":"/","1461":"m","1462":"i","1463":"x","1464":"i","1465":"n","1466":"'","1467":";","1468":"\\","1469":"r","1470":"\\","1471":"n","1472":"\\","1473":"r","1474":"\\","1475":"n","1476":"@","1477":"i","1478":"n","1479":"c","1480":"l","1481":"u","1482":"d","1483":"e","1484":" ","1485":"b","1486":"(","1487":"b","1488":"u","1489":"t","1490":"t","1491":"o","1492":"n","1493":")","1494":"{","1495":"\\","1496":"r","1497":"\\","1498":"n","1499":" ","1500":" ","1501":"d","1502":"i","1503":"s","1504":"p","1505":"l","1506":"a","1507":"y","1508":":","1509":" ","1510":"i","1511":"n","1512":"l","1513":"i","1514":"n","1515":"e","1516":"-","1517":"b","1518":"l","1519":"o","1520":"c","1521":"k","1522":";","1523":"\\","1524":"r","1525":"\\","1526":"n","1527":" ","1528":" ","1529":"l","1530":"i","1531":"n","1532":"e","1533":"-","1534":"h","1535":"e","1536":"i","1537":"g","1538":"h","1539":"t","1540":":","1541":" ","1542":"1","1543":";","1544":"\\","1545":"r","1546":"\\","1547":"n","1548":" ","1549":" ","1550":"w","1551":"h","1552":"i","1553":"t","1554":"e","1555":"-","1556":"s","1557":"p","1558":"a","1559":"c","1560":"e","1561":":","1562":" ","1563":"n","1564":"o","1565":"w","1566":"r","1567":"a","1568":"p","1569":";","1570":"\\","1571":"r","1572":"\\","1573":"n","1574":" ","1575":" ","1576":"c","1577":"u","1578":"r","1579":"s","1580":"o","1581":"r","1582":":","1583":" ","1584":"p","1585":"o","1586":"i","1587":"n","1588":"t","1589":"e","1590":"r","1591":";","1592":"\\","1593":"r","1594":"\\","1595":"n","1596":" ","1597":" ","1598":"b","1599":"a","1600":"c","1601":"k","1602":"g","1603":"r","1604":"o","1605":"u","1606":"n","1607":"d","1608":":","1609":" ","1610":"$","1611":"-","1612":"-","1613":"b","1614":"u","1615":"t","1616":"t","1617":"o","1618":"n","1619":"-","1620":"d","1621":"e","1622":"f","1623":"a","1624":"u","1625":"l","1626":"t","1627":"-","1628":"b","1629":"a","1630":"c","1631":"k","1632":"g","1633":"r","1634":"o","1635":"u","1636":"n","1637":"d","1638":"-","1639":"c","1640":"o","1641":"l","1642":"o","1643":"r","1644":";","1645":"\\","1646":"r","1647":"\\","1648":"n","1649":" ","1650":" ","1651":"c","1652":"o","1653":"l","1654":"o","1655":"r","1656":":","1657":" ","1658":"$","1659":"-","1660":"-","1661":"b","1662":"u","1663":"t","1664":"t","1665":"o","1666":"n","1667":"-","1668":"d","1669":"e","1670":"f","1671":"a","1672":"u","1673":"l","1674":"t","1675":"-","1676":"f","1677":"o","1678":"n","1679":"t","1680":"-","1681":"c","1682":"o","1683":"l","1684":"o","1685":"r","1686":";","1687":"\\","1688":"r","1689":"\\","1690":"n","1691":" ","1692":" ","1693":"-","1694":"w","1695":"e","1696":"b","1697":"k","1698":"i","1699":"t","1700":"-","1701":"a","1702":"p","1703":"p","1704":"e","1705":"a","1706":"r","1707":"a","1708":"n","1709":"c","1710":"e","1711":":","1712":" ","1713":"n","1714":"o","1715":"n","1716":"e","1717":";","1718":"\\","1719":"r","1720":"\\","1721":"n","1722":" ","1723":" ","1724":"t","1725":"e","1726":"x","1727":"t","1728":"-","1729":"a","1730":"l","1731":"i","1732":"g","1733":"n","1734":":","1735":" ","1736":"c","1737":"e","1738":"n","1739":"t","1740":"e","1741":"r","1742":";","1743":"\\","1744":"r","1745":"\\","1746":"n","1747":" ","1748":" ","1749":"b","1750":"o","1751":"r","1752":"d","1753":"e","1754":"r","1755":":","1756":" ","1757":"$","1758":"-","1759":"-","1760":"b","1761":"o","1762":"r","1763":"d","1764":"e","1765":"r","1766":"-","1767":"b","1768":"a","1769":"s","1770":"e","1771":";","1772":"\\","1773":"r","1774":"\\","1775":"n","1776":" ","1777":" ","1778":"b","1779":"o","1780":"r","1781":"d","1782":"e","1783":"r","1784":"-","1785":"c","1786":"o","1787":"l","1788":"o","1789":"r","1790":":","1791":" ","1792":"$","1793":"-","1794":"-","1795":"b","1796":"u","1797":"t","1798":"t","1799":"o","1800":"n","1801":"-","1802":"d","1803":"e","1804":"f","1805":"a","1806":"u","1807":"l","1808":"t","1809":"-","1810":"b","1811":"o","1812":"r","1813":"d","1814":"e","1815":"r","1816":"-","1817":"c","1818":"o","1819":"l","1820":"o","1821":"r","1822":";","1823":"\\","1824":"r","1825":"\\","1826":"n","1827":" ","1828":" ","1829":"b","1830":"o","1831":"x","1832":"-","1833":"s","1834":"i","1835":"z","1836":"i","1837":"n","1838":"g","1839":":","1840":" ","1841":"b","1842":"o","1843":"r","1844":"d","1845":"e","1846":"r","1847":"-","1848":"b","1849":"o","1850":"x","1851":";","1852":"\\","1853":"r","1854":"\\","1855":"n","1856":" ","1857":" ","1858":"o","1859":"u","1860":"t","1861":"l","1862":"i","1863":"n","1864":"e","1865":":","1866":" ","1867":"n","1868":"o","1869":"n","1870":"e","1871":";","1872":"\\","1873":"r","1874":"\\","1875":"n","1876":" ","1877":" ","1878":"m","1879":"a","1880":"r","1881":"g","1882":"i","1883":"n","1884":":","1885":" ","1886":"0","1887":";","1888":"\\","1889":"r","1890":"\\","1891":"n","1892":" ","1893":" ","1894":"f","1895":"o","1896":"n","1897":"t","1898":"-","1899":"w","1900":"e","1901":"i","1902":"g","1903":"h","1904":"t","1905":":","1906":" ","1907":"$","1908":"-","1909":"-","1910":"b","1911":"u","1912":"t","1913":"t","1914":"o","1915":"n","1916":"-","1917":"f","1918":"o","1919":"n","1920":"t","1921":"-","1922":"w","1923":"e","1924":"i","1925":"g","1926":"h","1927":"t","1928":";","1929":"\\","1930":"r","1931":"\\","1932":"n","1933":" ","1934":" ","1935":"&","1936":" ","1937":"+","1938":" ","1939":"&","1940":" ","1941":"{","1942":"\\","1943":"r","1944":"\\","1945":"n","1946":" ","1947":" ","1948":" ","1949":" ","1950":"m","1951":"a","1952":"r","1953":"g","1954":"i","1955":"n","1956":"-","1957":"l","1958":"e","1959":"f","1960":"t","1961":":","1962":" ","1963":"1","1964":"0","1965":"p","1966":"x","1967":";","1968":"\\","1969":"r","1970":"\\","1971":"n","1972":" ","1973":" ","1974":"}","1975":"\\","1976":"r","1977":"\\","1978":"n","1979":" ","1980":" ","1981":"@","1982":"i","1983":"n","1984":"c","1985":"l","1986":"u","1987":"d","1988":"e","1989":" ","1990":"b","1991":"u","1992":"t","1993":"t","1994":"o","1995":"n","1996":"-","1997":"s","1998":"i","1999":"z","2000":"e","2001":"(","2002":"\\","2003":"r","2004":"\\","2005":"n","2006":" ","2007":" ","2008":" ","2009":" ","2010":"$","2011":"-","2012":"-","2013":"b","2014":"u","2015":"t","2016":"t","2017":"o","2018":"n","2019":"-","2020":"p","2021":"a","2022":"d","2023":"d","2024":"i","2025":"n","2026":"g","2027":"-","2028":"v","2029":"e","2030":"r","2031":"t","2032":"i","2033":"c","2034":"a","2035":"l","2036":",","2037":"\\","2038":"r","2039":"\\","2040":"n","2041":" ","2042":" ","2043":" ","2044":" ","2045":"$","2046":"-","2047":"-","2048":"b","2049":"u","2050":"t","2051":"t","2052":"o","2053":"n","2054":"-","2055":"p","2056":"a","2057":"d","2058":"d","2059":"i","2060":"n","2061":"g","2062":"-","2063":"h","2064":"o","2065":"r","2066":"i","2067":"z","2068":"o","2069":"n","2070":"t","2071":"a","2072":"l","2073":",","2074":"\\","2075":"r","2076":"\\","2077":"n","2078":" ","2079":" ","2080":" ","2081":" ","2082":"$","2083":"-","2084":"-","2085":"b","2086":"u","2087":"t","2088":"t","2089":"o","2090":"n","2091":"-","2092":"f","2093":"o","2094":"n","2095":"t","2096":"-","2097":"s","2098":"i","2099":"z","2100":"e","2101":",","2102":"\\","2103":"r","2104":"\\","2105":"n","2106":" ","2107":" ","2108":" ","2109":" ","2110":"$","2111":"-","2112":"-","2113":"b","2114":"u","2115":"t","2116":"t","2117":"o","2118":"n","2119":"-","2120":"b","2121":"o","2122":"r","2123":"d","2124":"e","2125":"r","2126":"-","2127":"r","2128":"a","2129":"d","2130":"i","2131":"u","2132":"s","2133":"\\","2134":"r","2135":"\\","2136":"n","2137":" ","2138":" ","2139":")","2140":";","2141":"\\","2142":"r","2143":"\\","2144":"n","2145":" ","2146":" ","2147":"&","2148":":","2149":"h","2150":"o","2151":"v","2152":"e","2153":"r","2154":",","2155":"\\","2156":"r","2157":"\\","2158":"n","2159":" ","2160":" ","2161":"&","2162":":","2163":"f","2164":"o","2165":"c","2166":"u","2167":"s","2168":" ","2169":"{","2170":"\\","2171":"r","2172":"\\","2173":"n","2174":" ","2175":" ","2176":" ","2177":" ","2178":"c","2179":"o","2180":"l","2181":"o","2182":"r","2183":":","2184":" ","2185":"$","2186":"-","2187":"-","2188":"c","2189":"o","2190":"l","2191":"o","2192":"r","2193":"-","2194":"p","2195":"r","2196":"i","2197":"m","2198":"a","2199":"r","2200":"y","2201":";","2202":"\\","2203":"r","2204":"\\","2205":"n","2206":" ","2207":" ","2208":" ","2209":" ","2210":"b","2211":"o","2212":"r","2213":"d","2214":"e","2215":"r","2216":"-","2217":"c","2218":"o","2219":"l","2220":"o","2221":"r","2222":":","2223":" ","2224":"m","2225":"i","2226":"x","2227":"(","2228":"$","2229":"-","2230":"-","2231":"c","2232":"o","2233":"l","2234":"o","2235":"r","2236":"-","2237":"w","2238":"h","2239":"i","2240":"t","2241":"e","2242":",","2243":"$","2244":"-","2245":"-","2246":"c","2247":"o","2248":"l","2249":"o","2250":"r","2251":"-","2252":"p","2253":"r","2254":"i","2255":"m","2256":"a","2257":"r","2258":"y","2259":",","2260":"7","2261":"0","2262":"%","2263":")","2264":";","2265":"\\","2266":"r","2267":"\\","2268":"n","2269":" ","2270":" ","2271":" ","2272":" ","2273":"b","2274":"a","2275":"c","2276":"k","2277":"g","2278":"r","2279":"o","2280":"u","2281":"n","2282":"d","2283":"-","2284":"c","2285":"o","2286":"l","2287":"o","2288":"r","2289":":","2290":" ","2291":"m","2292":"i","2293":"x","2294":"(","2295":"$","2296":"-","2297":"-","2298":"c","2299":"o","2300":"l","2301":"o","2302":"r","2303":"-","2304":"w","2305":"h","2306":"i","2307":"t","2308":"e","2309":",","2310":"$","2311":"-","2312":"-","2313":"c","2314":"o","2315":"l","2316":"o","2317":"r","2318":"-","2319":"p","2320":"r","2321":"i","2322":"m","2323":"a","2324":"r","2325":"y","2326":",","2327":"9","2328":"0","2329":"%","2330":")","2331":";","2332":"\\","2333":"r","2334":"\\","2335":"n","2336":" ","2337":" ","2338":"}","2339":"\\","2340":"r","2341":"\\","2342":"n","2343":" ","2344":" ","2345":"@","2346":"i","2347":"n","2348":"c","2349":"l","2350":"u","2351":"d","2352":"e","2353":" ","2354":"m","2355":"(","2356":"m","2357":"e","2358":"d","2359":"i","2360":"u","2361":"m","2362":")","2363":" ","2364":"{","2365":"\\","2366":"r","2367":"\\","2368":"n","2369":" ","2370":" ","2371":" ","2372":" ","2373":"@","2374":"i","2375":"n","2376":"c","2377":"l","2378":"u","2379":"d","2380":"e","2381":" ","2382":"b","2383":"u","2384":"t","2385":"t","2386":"o","2387":"n","2388":"-","2389":"s","2390":"i","2391":"z","2392":"e","2393":"(","2394":"\\","2395":"r","2396":"\\","2397":"n","2398":" ","2399":" ","2400":" ","2401":" ","2402":" ","2403":" ","2404":"$","2405":"-","2406":"-","2407":"b","2408":"u","2409":"t","2410":"t","2411":"o","2412":"n","2413":"-","2414":"m","2415":"e","2416":"d","2417":"i","2418":"u","2419":"m","2420":"-","2421":"p","2422":"a","2423":"d","2424":"d","2425":"i","2426":"n","2427":"g","2428":"-","2429":"v","2430":"e","2431":"r","2432":"t","2433":"i","2434":"c","2435":"a","2436":"l","2437":",","2438":"\\","2439":"r","2440":"\\","2441":"n","2442":" ","2443":" ","2444":" ","2445":" ","2446":" ","2447":" ","2448":"$","2449":"-","2450":"-","2451":"b","2452":"u","2453":"t","2454":"t","2455":"o","2456":"n","2457":"-","2458":"m","2459":"e","2460":"d","2461":"i","2462":"u","2463":"m","2464":"-","2465":"p","2466":"a","2467":"d","2468":"d","2469":"i","2470":"n","2471":"g","2472":"-","2473":"h","2474":"o","2475":"r","2476":"i","2477":"z","2478":"o","2479":"n","2480":"t","2481":"a","2482":"l","2483":",","2484":"\\","2485":"r","2486":"\\","2487":"n","2488":" ","2489":" ","2490":" ","2491":" ","2492":" ","2493":" ","2494":"$","2495":"-","2496":"-","2497":"b","2498":"u","2499":"t","2500":"t","2501":"o","2502":"n","2503":"-","2504":"m","2505":"e","2506":"d","2507":"i","2508":"u","2509":"m","2510":"-","2511":"f","2512":"o","2513":"n","2514":"t","2515":"-","2516":"s","2517":"i","2518":"z","2519":"e","2520":",","2521":"\\","2522":"r","2523":"\\","2524":"n","2525":" ","2526":" ","2527":" ","2528":" ","2529":" ","2530":" ","2531":"$","2532":"-","2533":"-","2534":"b","2535":"u","2536":"t","2537":"t","2538":"o","2539":"n","2540":"-","2541":"m","2542":"e","2543":"d","2544":"i","2545":"u","2546":"m","2547":"-","2548":"b","2549":"o","2550":"r","2551":"d","2552":"e","2553":"r","2554":"-","2555":"r","2556":"a","2557":"d","2558":"i","2559":"u","2560":"s","2561":"\\","2562":"r","2563":"\\","2564":"n","2565":" ","2566":" ","2567":" ","2568":" ","2569":")","2570":";","2571":"\\","2572":"r","2573":"\\","2574":"n","2575":" ","2576":" ","2577":"}","2578":"\\","2579":"r","2580":"\\","2581":"n","2582":" ","2583":" ","2584":"@","2585":"i","2586":"n","2587":"c","2588":"l","2589":"u","2590":"d","2591":"e","2592":" ","2593":"m","2594":"(","2595":"s","2596":"m","2597":"a","2598":"l","2599":"l","2600":")","2601":" ","2602":"{","2603":"\\","2604":"r","2605":"\\","2606":"n","2607":" ","2608":" ","2609":" ","2610":" ","2611":"@","2612":"i","2613":"n","2614":"c","2615":"l","2616":"u","2617":"d","2618":"e","2619":" ","2620":"b","2621":"u","2622":"t","2623":"t","2624":"o","2625":"n","2626":"-","2627":"s","2628":"i","2629":"z","2630":"e","2631":"(","2632":"\\","2633":"r","2634":"\\","2635":"n","2636":" ","2637":" ","2638":" ","2639":" ","2640":" ","2641":" ","2642":"$","2643":"-","2644":"-","2645":"b","2646":"u","2647":"t","2648":"t","2649":"o","2650":"n","2651":"-","2652":"s","2653":"m","2654":"a","2655":"l","2656":"l","2657":"-","2658":"p","2659":"a","2660":"d","2661":"d","2662":"i","2663":"n","2664":"g","2665":"-","2666":"v","2667":"e","2668":"r","2669":"t","2670":"i","2671":"c","2672":"a","2673":"l","2674":",","2675":"\\","2676":"r","2677":"\\","2678":"n","2679":" ","2680":" ","2681":" ","2682":" ","2683":" ","2684":" ","2685":"$","2686":"-","2687":"-","2688":"b","2689":"u","2690":"t","2691":"t","2692":"o","2693":"n","2694":"-","2695":"s","2696":"m","2697":"a","2698":"l","2699":"l","2700":"-","2701":"p","2702":"a","2703":"d","2704":"d","2705":"i","2706":"n","2707":"g","2708":"-","2709":"h","2710":"o","2711":"r","2712":"i","2713":"z","2714":"o","2715":"n","2716":"t","2717":"a","2718":"l","2719":",","2720":"\\","2721":"r","2722":"\\","2723":"n","2724":" ","2725":" ","2726":" ","2727":" ","2728":" ","2729":" ","2730":"$","2731":"-","2732":"-","2733":"b","2734":"u","2735":"t","2736":"t","2737":"o","2738":"n","2739":"-","2740":"s","2741":"m","2742":"a","2743":"l","2744":"l","2745":"-","2746":"f","2747":"o","2748":"n","2749":"t","2750":"-","2751":"s","2752":"i","2753":"z","2754":"e","2755":",","2756":"\\","2757":"r","2758":"\\","2759":"n","2760":" ","2761":" ","2762":" ","2763":" ","2764":" ","2765":" ","2766":"$","2767":"-","2768":"-","2769":"b","2770":"u","2771":"t","2772":"t","2773":"o","2774":"n","2775":"-","2776":"s","2777":"m","2778":"a","2779":"l","2780":"l","2781":"-","2782":"b","2783":"o","2784":"r","2785":"d","2786":"e","2787":"r","2788":"-","2789":"r","2790":"a","2791":"d","2792":"i","2793":"u","2794":"s","2795":"\\","2796":"r","2797":"\\","2798":"n","2799":" ","2800":" ","2801":" ","2802":" ","2803":")","2804":";","2805":"\\","2806":"r","2807":"\\","2808":"n","2809":"\\","2810":"r","2811":"\\","2812":"n","2813":" ","2814":" ","2815":"}","2816":"\\","2817":"r","2818":"\\","2819":"n","2820":" ","2821":" ","2822":"@","2823":"i","2824":"n","2825":"c","2826":"l","2827":"u","2828":"d","2829":"e","2830":" ","2831":"m","2832":"(","2833":"l","2834":"a","2835":"r","2836":"g","2837":"e","2838":")","2839":" ","2840":"{","2841":"\\","2842":"r","2843":"\\","2844":"n","2845":" ","2846":" ","2847":" ","2848":" ","2849":"@","2850":"i","2851":"n","2852":"c","2853":"l","2854":"u","2855":"d","2856":"e","2857":" ","2858":"b","2859":"u","2860":"t","2861":"t","2862":"o","2863":"n","2864":"-","2865":"s","2866":"i","2867":"z","2868":"e","2869":"(","2870":"\\","2871":"r","2872":"\\","2873":"n","2874":" ","2875":" ","2876":" ","2877":" ","2878":" ","2879":" ","2880":"$","2881":"-","2882":"-","2883":"b","2884":"u","2885":"t","2886":"t","2887":"o","2888":"n","2889":"-","2890":"l","2891":"a","2892":"r","2893":"g","2894":"e","2895":"-","2896":"p","2897":"a","2898":"d","2899":"d","2900":"i","2901":"n","2902":"g","2903":"-","2904":"v","2905":"e","2906":"r","2907":"t","2908":"i","2909":"c","2910":"a","2911":"l","2912":",","2913":"\\","2914":"r","2915":"\\","2916":"n","2917":" ","2918":" ","2919":" ","2920":" ","2921":" ","2922":" ","2923":"$","2924":"-","2925":"-","2926":"b","2927":"u","2928":"t","2929":"t","2930":"o","2931":"n","2932":"-","2933":"l","2934":"a","2935":"r","2936":"g","2937":"e","2938":"-","2939":"p","2940":"a","2941":"d","2942":"d","2943":"i","2944":"n","2945":"g","2946":"-","2947":"h","2948":"o","2949":"r","2950":"i","2951":"z","2952":"o","2953":"n","2954":"t","2955":"a","2956":"l","2957":",","2958":"\\","2959":"r","2960":"\\","2961":"n","2962":" ","2963":" ","2964":" ","2965":" ","2966":" ","2967":" ","2968":"$","2969":"-","2970":"-","2971":"b","2972":"u","2973":"t","2974":"t","2975":"o","2976":"n","2977":"-","2978":"l","2979":"a","2980":"r","2981":"g","2982":"e","2983":"-","2984":"f","2985":"o","2986":"n","2987":"t","2988":"-","2989":"s","2990":"i","2991":"z","2992":"e","2993":",","2994":"\\","2995":"r","2996":"\\","2997":"n","2998":" ","2999":" ","3000":" ","3001":" ","3002":" ","3003":" ","3004":"$","3005":"-","3006":"-","3007":"b","3008":"u","3009":"t","3010":"t","3011":"o","3012":"n","3013":"-","3014":"l","3015":"a","3016":"r","3017":"g","3018":"e","3019":"-","3020":"b","3021":"o","3022":"r","3023":"d","3024":"e","3025":"r","3026":"-","3027":"r","3028":"a","3029":"d","3030":"i","3031":"u","3032":"s","3033":"\\","3034":"r","3035":"\\","3036":"n","3037":" ","3038":" ","3039":" ","3040":" ","3041":")","3042":";","3043":"\\","3044":"r","3045":"\\","3046":"n","3047":" ","3048":" ","3049":"}","3050":"\\","3051":"r","3052":"\\","3053":"n","3054":"@","3055":"i","3056":"n","3057":"c","3058":"l","3059":"u","3060":"d","3061":"e","3062":" ","3063":"m","3064":"(","3065":"p","3066":"r","3067":"i","3068":"m","3069":"a","3070":"r","3071":"y","3072":")","3073":" ","3074":"{","3075":"\\","3076":"r","3077":"\\","3078":"n","3079":" ","3080":" ","3081":" ","3082":" ","3083":"@","3084":"i","3085":"n","3086":"c","3087":"l","3088":"u","3089":"d","3090":"e","3091":" ","3092":"b","3093":"u","3094":"t","3095":"t","3096":"o","3097":"n","3098":"-","3099":"v","3100":"a","3101":"r","3102":"i","3103":"a","3104":"n","3105":"t","3106":"(","3107":"\\","3108":"r","3109":"\\","3110":"n","3111":" ","3112":" ","3113":" ","3114":" ","3115":" ","3116":" ","3117":"$","3118":"-","3119":"-","3120":"b","3121":"u","3122":"t","3123":"t","3124":"o","3125":"n","3126":"-","3127":"p","3128":"r","3129":"i","3130":"m","3131":"a","3132":"r","3133":"y","3134":"-","3135":"f","3136":"o","3137":"n","3138":"t","3139":"-","3140":"c","3141":"o","3142":"l","3143":"o","3144":"r","3145":",","3146":"\\","3147":"r","3148":"\\","3149":"n","3150":" ","3151":" ","3152":" ","3153":" ","3154":" ","3155":" ","3156":"$","3157":"-","3158":"-","3159":"b","3160":"u","3161":"t","3162":"t","3163":"o","3164":"n","3165":"-","3166":"p","3167":"r","3168":"i","3169":"m","3170":"a","3171":"r","3172":"y","3173":"-","3174":"b","3175":"a","3176":"c","3177":"k","3178":"g","3179":"r","3180":"o","3181":"u","3182":"n","3183":"d","3184":"-","3185":"c","3186":"o","3187":"l","3188":"o","3189":"r","3190":",","3191":"\\","3192":"r","3193":"\\","3194":"n","3195":" ","3196":" ","3197":" ","3198":" ","3199":" ","3200":" ","3201":"$","3202":"-","3203":"-","3204":"b","3205":"u","3206":"t","3207":"t","3208":"o","3209":"n","3210":"-","3211":"p","3212":"r","3213":"i","3214":"m","3215":"a","3216":"r","3217":"y","3218":"-","3219":"b","3220":"o","3221":"r","3222":"d","3223":"e","3224":"r","3225":"-","3226":"c","3227":"o","3228":"l","3229":"o","3230":"r","3231":"\\","3232":"r","3233":"\\","3234":"n","3235":" ","3236":" ","3237":" ","3238":" ","3239":")","3240":";","3241":"\\","3242":"r","3243":"\\","3244":"n","3245":" ","3246":" ","3247":"}","3248":"\\","3249":"r","3250":"\\","3251":"n","3252":" ","3253":" ","3254":"@","3255":"i","3256":"n","3257":"c","3258":"l","3259":"u","3260":"d","3261":"e","3262":" ","3263":"m","3264":"(","3265":"s","3266":"u","3267":"c","3268":"c","3269":"e","3270":"s","3271":"s","3272":")","3273":" ","3274":"{","3275":"\\","3276":"r","3277":"\\","3278":"n","3279":" ","3280":" ","3281":" ","3282":" ","3283":"@","3284":"i","3285":"n","3286":"c","3287":"l","3288":"u","3289":"d","3290":"e","3291":" ","3292":"b","3293":"u","3294":"t","3295":"t","3296":"o","3297":"n","3298":"-","3299":"v","3300":"a","3301":"r","3302":"i","3303":"a","3304":"n","3305":"t","3306":"(","3307":"\\","3308":"r","3309":"\\","3310":"n","3311":" ","3312":" ","3313":" ","3314":" ","3315":" ","3316":" ","3317":"$","3318":"-","3319":"-","3320":"b","3321":"u","3322":"t","3323":"t","3324":"o","3325":"n","3326":"-","3327":"s","3328":"u","3329":"c","3330":"c","3331":"e","3332":"s","3333":"s","3334":"-","3335":"f","3336":"o","3337":"n","3338":"t","3339":"-","3340":"c","3341":"o","3342":"l","3343":"o","3344":"r","3345":",","3346":"\\","3347":"r","3348":"\\","3349":"n","3350":" ","3351":" ","3352":" ","3353":" ","3354":" ","3355":" ","3356":"$","3357":"-","3358":"-","3359":"b","3360":"u","3361":"t","3362":"t","3363":"o","3364":"n","3365":"-","3366":"s","3367":"u","3368":"c","3369":"c","3370":"e","3371":"s","3372":"s","3373":"-","3374":"b","3375":"a","3376":"c","3377":"k","3378":"g","3379":"r","3380":"o","3381":"u","3382":"n","3383":"d","3384":"-","3385":"c","3386":"o","3387":"l","3388":"o","3389":"r","3390":",","3391":"\\","3392":"r","3393":"\\","3394":"n","3395":" ","3396":" ","3397":" ","3398":" ","3399":" ","3400":" ","3401":"$","3402":"-","3403":"-","3404":"b","3405":"u","3406":"t","3407":"t","3408":"o","3409":"n","3410":"-","3411":"s","3412":"u","3413":"c","3414":"c","3415":"e","3416":"s","3417":"s","3418":"-","3419":"b","3420":"o","3421":"r","3422":"d","3423":"e","3424":"r","3425":"-","3426":"c","3427":"o","3428":"l","3429":"o","3430":"r","3431":"\\","3432":"r","3433":"\\","3434":"n","3435":" ","3436":" ","3437":" ","3438":" ","3439":")","3440":";","3441":"\\","3442":"r","3443":"\\","3444":"n","3445":" ","3446":" ","3447":"}","3448":"\\","3449":"r","3450":"\\","3451":"n","3452":" ","3453":" ","3454":"@","3455":"i","3456":"n","3457":"c","3458":"l","3459":"u","3460":"d","3461":"e","3462":" ","3463":"m","3464":"(","3465":"d","3466":"a","3467":"n","3468":"g","3469":"e","3470":"r","3471":")","3472":" ","3473":"{","3474":"\\","3475":"r","3476":"\\","3477":"n","3478":" ","3479":" ","3480":" ","3481":" ","3482":"@","3483":"i","3484":"n","3485":"c","3486":"l","3487":"u","3488":"d","3489":"e","3490":" ","3491":"b","3492":"u","3493":"t","3494":"t","3495":"o","3496":"n","3497":"-","3498":"v","3499":"a","3500":"r","3501":"i","3502":"a","3503":"n","3504":"t","3505":"(","3506":"\\","3507":"r","3508":"\\","3509":"n","3510":" ","3511":" ","3512":" ","3513":" ","3514":" ","3515":" ","3516":"$","3517":"-","3518":"-","3519":"b","3520":"u","3521":"t","3522":"t","3523":"o","3524":"n","3525":"-","3526":"d","3527":"a","3528":"n","3529":"g","3530":"e","3531":"r","3532":"-","3533":"f","3534":"o","3535":"n","3536":"t","3537":"-","3538":"c","3539":"o","3540":"l","3541":"o","3542":"r","3543":",","3544":"\\","3545":"r","3546":"\\","3547":"n","3548":" ","3549":" ","3550":" ","3551":" ","3552":" ","3553":" ","3554":"$","3555":"-","3556":"-","3557":"b","3558":"u","3559":"t","3560":"t","3561":"o","3562":"n","3563":"-","3564":"d","3565":"a","3566":"n","3567":"g","3568":"e","3569":"r","3570":"-","3571":"b","3572":"a","3573":"c","3574":"k","3575":"g","3576":"r","3577":"o","3578":"u","3579":"n","3580":"d","3581":"-","3582":"c","3583":"o","3584":"l","3585":"o","3586":"r","3587":",","3588":"\\","3589":"r","3590":"\\","3591":"n","3592":" ","3593":" ","3594":" ","3595":" ","3596":" ","3597":" ","3598":"$","3599":"-","3600":"-","3601":"b","3602":"u","3603":"t","3604":"t","3605":"o","3606":"n","3607":"-","3608":"d","3609":"a","3610":"n","3611":"g","3612":"e","3613":"r","3614":"-","3615":"b","3616":"o","3617":"r","3618":"d","3619":"e","3620":"r","3621":"-","3622":"c","3623":"o","3624":"l","3625":"o","3626":"r","3627":"\\","3628":"r","3629":"\\","3630":"n","3631":" ","3632":" ","3633":" ","3634":" ","3635":")","3636":";","3637":"\\","3638":"r","3639":"\\","3640":"n","3641":" ","3642":" ","3643":"}","3644":"\\","3645":"r","3646":"\\","3647":"n","3648":"}","3649":"\\","3650":"r","3651":"\\","3652":"n","3653":"<","3654":"/","3655":"s","3656":"t","3657":"y","3658":"l","3659":"e","3660":">","3661":"\"","3662":",","3663":"\"","3664":"<","3665":"t","3666":"e","3667":"m","3668":"p","3669":"l","3670":"a","3671":"t","3672":"e","3673":">","3674":"\\","3675":"r","3676":"\\","3677":"n","3678":" ","3679":" ","3680":"<","3681":"b","3682":"u","3683":"t","3684":"t","3685":"o","3686":"n","3687":"\\","3688":"r","3689":"\\","3690":"n","3691":" ","3692":" ","3693":" ","3694":" ","3695":"c","3696":"l","3697":"a","3698":"s","3699":"s","3700":"=","3701":"\\","3702":"\"","3703":"e","3704":"l","3705":"-","3706":"b","3707":"u","3708":"t","3709":"t","3710":"o","3711":"n","3712":"\\","3713":"\"","3714":" ","3715":"\\","3716":"r","3717":"\\","3718":"n","3719":" ","3720":" ","3721":" ","3722":" ","3723":":","3724":"c","3725":"l","3726":"a","3727":"s","3728":"s","3729":"=","3730":"\\","3731":"\"","3732":"[","3733":"\\","3734":"r","3735":"\\","3736":"n","3737":" ","3738":" ","3739":" ","3740":" ","3741":" ","3742":" ","3743":"b","3744":"u","3745":"t","3746":"t","3747":"o","3748":"n","3749":"S","3750":"i","3751":"z","3752":"e","3753":" ","3754":"?","3755":" ","3756":"`","3757":"e","3758":"l","3759":"-","3760":"b","3761":"u","3762":"t","3763":"t","3764":"o","3765":"n","3766":"-","3767":"-","3768":"$","3769":"{","3770":"b","3771":"u","3772":"t","3773":"t","3774":"o","3775":"n","3776":"S","3777":"i","3778":"z","3779":"e","3780":"}","3781":"`","3782":" ","3783":":","3784":" ","3785":"'","3786":"'","3787":",","3788":"\\","3789":"r","3790":"\\","3791":"n","3792":" ","3793":" ","3794":" ","3795":" ","3796":" ","3797":" ","3798":"t","3799":"y","3800":"p","3801":"e","3802":" ","3803":"?","3804":" ","3805":"`","3806":"e","3807":"l","3808":"-","3809":"b","3810":"u","3811":"t","3812":"t","3813":"o","3814":"n","3815":"-","3816":"-","3817":"$","3818":"{","3819":"t","3820":"y","3821":"p","3822":"e","3823":"}","3824":"`","3825":" ","3826":":","3827":" ","3828":"'","3829":"'","3830":"\\","3831":"r","3832":"\\","3833":"n","3834":" ","3835":" ","3836":" ","3837":" ","3838":"]","3839":"\\","3840":"\"","3841":"\\","3842":"r","3843":"\\","3844":"n","3845":" ","3846":" ","3847":">","3848":"\\","3849":"r","3850":"\\","3851":"n","3852":" ","3853":" ","3854":" ","3855":" ","3856":"<","3857":"s","3858":"l","3859":"o","3860":"t","3861":" ","3862":"/","3863":">","3864":"\\","3865":"r","3866":"\\","3867":"n","3868":" ","3869":" ","3870":"<","3871":"/","3872":"b","3873":"u","3874":"t","3875":"t","3876":"o","3877":"n","3878":">","3879":"\\","3880":"r","3881":"\\","3882":"n","3883":"<","3884":"/","3885":"t","3886":"e","3887":"m","3888":"p","3889":"l","3890":"a","3891":"t","3892":"e","3893":">","3894":"\\","3895":"r","3896":"\\","3897":"n","3898":"\\","3899":"r","3900":"\\","3901":"n","3902":"<","3903":"s","3904":"c","3905":"r","3906":"i","3907":"p","3908":"t","3909":" ","3910":"l","3911":"a","3912":"n","3913":"g","3914":"=","3915":"\\","3916":"\"","3917":"t","3918":"s","3919":"\\","3920":"\"","3921":">","3922":"\\","3923":"r","3924":"\\","3925":"n","3926":"e","3927":"x","3928":"p","3929":"o","3930":"r","3931":"t","3932":" ","3933":"d","3934":"e","3935":"f","3936":"a","3937":"u","3938":"l","3939":"t","3940":"{","3941":"\\","3942":"r","3943":"\\","3944":"n","3945":" ","3946":" ","3947":"n","3948":"a","3949":"m","3950":"e","3951":":","3952":"'","3953":"E","3954":"l","3955":"B","3956":"u","3957":"t","3958":"t","3959":"o","3960":"n","3961":"'","3962":"\\","3963":"r","3964":"\\","3965":"n","3966":"}","3967":"\\","3968":"r","3969":"\\","3970":"n","3971":"<","3972":"/","3973":"s","3974":"c","3975":"r","3976":"i","3977":"p","3978":"t","3979":">","3980":"\\","3981":"r","3982":"\\","3983":"n","3984":"\\","3985":"r","3986":"\\","3987":"n","3988":"<","3989":"s","3990":"c","3991":"r","3992":"i","3993":"p","3994":"t","3995":" ","3996":"s","3997":"e","3998":"t","3999":"u","4000":"p","4001":" ","4002":"l","4003":"a","4004":"n","4005":"g","4006":"=","4007":"\\","4008":"\"","4009":"t","4010":"s","4011":"\\","4012":"\"","4013":">","4014":"\\","4015":"r","4016":"\\","4017":"n","4018":"\\","4019":"r","4020":"\\","4021":"n","4022":"i","4023":"m","4024":"p","4025":"o","4026":"r","4027":"t","4028":" ","4029":"{","4030":"c","4031":"o","4032":"m","4033":"p","4034":"u","4035":"t","4036":"e","4037":"d","4038":",","4039":" ","4040":"w","4041":"i","4042":"t","4043":"h","4044":"D","4045":"e","4046":"f","4047":"a","4048":"u","4049":"l","4050":"t","4051":"s","4052":"}","4053":" ","4054":"f","4055":"r","4056":"o","4057":"m","4058":" ","4059":"'","4060":"v","4061":"u","4062":"e","4063":"'","4064":"\\","4065":"r","4066":"\\","4067":"n","4068":"i","4069":"m","4070":"p","4071":"o","4072":"r","4073":"t","4074":" ","4075":"{","4076":" ","4077":"u","4078":"s","4079":"e","4080":"G","4081":"l","4082":"o","4083":"b","4084":"a","4085":"l","4086":"C","4087":"o","4088":"n","4089":"f","4090":"i","4091":"g","4092":" ","4093":"}","4094":" ","4095":"f","4096":"r","4097":"o","4098":"m","4099":" ","4100":"'","4101":".","4102":".","4103":"/","4104":".","4105":".","4106":"/","4107":"u","4108":"t","4109":"i","4110":"l","4111":"s","4112":"'","4113":"\\","4114":"r","4115":"\\","4116":"n","4117":"\\","4118":"r","4119":"\\","4120":"n","4121":"i","4122":"n","4123":"t","4124":"e","4125":"r","4126":"f","4127":"a","4128":"c","4129":"e","4130":" ","4131":"P","4132":"r","4133":"o","4134":"p","4135":"s","4136":" ","4137":"{","4138":"\\","4139":"r","4140":"\\","4141":"n","4142":" ","4143":" ","4144":"s","4145":"i","4146":"z","4147":"e","4148":"?","4149":":","4150":"\\","4151":"\"","4152":"\\","4153":"\"","4154":"|","4155":"'","4156":"s","4157":"m","4158":"a","4159":"l","4160":"l","4161":"'","4162":"|","4163":"'","4164":"m","4165":"e","4166":"d","4167":"i","4168":"u","4169":"m","4170":"'","4171":"|","4172":"'","4173":"l","4174":"a","4175":"r","4176":"g","4177":"e","4178":"'","4179":",","4180":"\\","4181":"r","4182":"\\","4183":"n","4184":" ","4185":" ","4186":"t","4187":"y","4188":"p","4189":"e","4190":"?","4191":":","4192":"\\","4193":"\"","4194":"\\","4195":"\"","4196":"|","4197":"'","4198":"p","4199":"r","4200":"i","4201":"m","4202":"a","4203":"r","4204":"y","4205":"'","4206":"|","4207":"'","4208":"s","4209":"u","4210":"c","4211":"c","4212":"e","4213":"s","4214":"s","4215":"'","4216":"|","4217":"'","4218":"d","4219":"a","4220":"n","4221":"g","4222":"e","4223":"r","4224":"'","4225":"\\","4226":"r","4227":"\\","4228":"n","4229":"}","4230":"\\","4231":"r","4232":"\\","4233":"n","4234":"c","4235":"o","4236":"n","4237":"s","4238":"t","4239":" ","4240":"p","4241":"r","4242":"o","4243":"p","4244":"s","4245":" ","4246":"=","4247":" ","4248":"w","4249":"i","4250":"t","4251":"h","4252":"D","4253":"e","4254":"f","4255":"a","4256":"u","4257":"l","4258":"t","4259":"s","4260":"(","4261":"d","4262":"e","4263":"f","4264":"i","4265":"n","4266":"e","4267":"P","4268":"r","4269":"o","4270":"p","4271":"s","4272":"<","4273":"P","4274":"r","4275":"o","4276":"p","4277":"s","4278":">","4279":"(","4280":")","4281":",","4282":"{","4283":"\\","4284":"r","4285":"\\","4286":"n","4287":" ","4288":" ","4289":"s","4290":"i","4291":"z","4292":"e","4293":":","4294":"\\","4295":"\"","4296":"\\","4297":"\"","4298":",","4299":"\\","4300":"r","4301":"\\","4302":"n","4303":" ","4304":" ","4305":"t","4306":"y","4307":"p","4308":"e","4309":":","4310":"\\","4311":"\"","4312":"\\","4313":"\"","4314":"\\","4315":"r","4316":"\\","4317":"n","4318":"}","4319":")","4320":"\\","4321":"r","4322":"\\","4323":"n","4324":"c","4325":"o","4326":"n","4327":"s","4328":"t","4329":" ","4330":"g","4331":"l","4332":"o","4333":"b","4334":"a","4335":"l","4336":"C","4337":"o","4338":"n","4339":"f","4340":"i","4341":"g","4342":" ","4343":"=","4344":" ","4345":"u","4346":"s","4347":"e","4348":"G","4349":"l","4350":"o","4351":"b","4352":"a","4353":"l","4354":"C","4355":"o","4356":"n","4357":"f","4358":"i","4359":"g","4360":"(","4361":")","4362":"\\","4363":"r","4364":"\\","4365":"n","4366":"c","4367":"o","4368":"n","4369":"s","4370":"t","4371":" ","4372":"b","4373":"u","4374":"t","4375":"t","4376":"o","4377":"n","4378":"S","4379":"i","4380":"z","4381":"e","4382":" ","4383":"=","4384":" ","4385":"c","4386":"o","4387":"m","4388":"p","4389":"u","4390":"t","4391":"e","4392":"d","4393":"(","4394":"(","4395":")","4396":"=","4397":">","4398":"{","4399":"\\","4400":"r","4401":"\\","4402":"n","4403":" ","4404":" ","4405":"c","4406":"o","4407":"n","4408":"s","4409":"o","4410":"l","4411":"e","4412":".","4413":"l","4414":"o","4415":"g","4416":"(","4417":"p","4418":"r","4419":"o","4420":"p","4421":"s","4422":".","4423":"s","4424":"i","4425":"z","4426":"e","4427":",","4428":"g","4429":"l","4430":"o","4431":"b","4432":"a","4433":"l","4434":"C","4435":"o","4436":"n","4437":"f","4438":"i","4439":"g","4440":")","4441":"\\","4442":"r","4443":"\\","4444":"n","4445":" ","4446":" ","4447":"r","4448":"e","4449":"t","4450":"u","4451":"r","4452":"n","4453":" ","4454":"p","4455":"r","4456":"o","4457":"p","4458":"s","4459":".","4460":"s","4461":"i","4462":"z","4463":"e","4464":"|","4465":"|","4466":"g","4467":"l","4468":"o","4469":"b","4470":"a","4471":"l","4472":"C","4473":"o","4474":"n","4475":"f","4476":"i","4477":"g","4478":".","4479":"s","4480":"i","4481":"z","4482":"e","4483":"\\","4484":"r","4485":"\\","4486":"n","4487":"}","4488":")","4489":"\\","4490":"r","4491":"\\","4492":"n","4493":"<","4494":"/","4495":"s","4496":"c","4497":"r","4498":"i","4499":"p","4500":"t","4501":">","4502":"\\","4503":"r","4504":"\\","4505":"n","4506":"\\","4507":"r","4508":"\\","4509":"n","4510":"<","4511":"s","4512":"t","4513":"y","4514":"l","4515":"e","4516":" ","4517":"l","4518":"a","4519":"n","4520":"g","4521":"=","4522":"\\","4523":"\"","4524":"s","4525":"c","4526":"s","4527":"s","4528":"\\","4529":"\"","4530":">","4531":"\\","4532":"r","4533":"\\","4534":"n","4535":"@","4536":"i","4537":"m","4538":"p","4539":"o","4540":"r","4541":"t","4542":" ","4543":"'","4544":".","4545":".","4546":"/","4547":"s","4548":"t","4549":"y","4550":"l","4551":"e","4552":"s","4553":"/","4554":"m","4555":"i","4556":"x","4557":"i","4558":"n","4559":"'","4560":";","4561":"\\","4562":"r","4563":"\\","4564":"n","4565":"\\","4566":"r","4567":"\\","4568":"n","4569":"@","4570":"i","4571":"n","4572":"c","4573":"l","4574":"u","4575":"d","4576":"e","4577":" ","4578":"b","4579":"(","4580":"b","4581":"u","4582":"t","4583":"t","4584":"o","4585":"n","4586":")","4587":"{","4588":"\\","4589":"r","4590":"\\","4591":"n","4592":" ","4593":" ","4594":"d","4595":"i","4596":"s","4597":"p","4598":"l","4599":"a","4600":"y","4601":":","4602":" ","4603":"i","4604":"n","4605":"l","4606":"i","4607":"n","4608":"e","4609":"-","4610":"b","4611":"l","4612":"o","4613":"c","4614":"k","4615":";","4616":"\\","4617":"r","4618":"\\","4619":"n","4620":" ","4621":" ","4622":"l","4623":"i","4624":"n","4625":"e","4626":"-","4627":"h","4628":"e","4629":"i","4630":"g","4631":"h","4632":"t","4633":":","4634":" ","4635":"1","4636":";","4637":"\\","4638":"r","4639":"\\","4640":"n","4641":" ","4642":" ","4643":"w","4644":"h","4645":"i","4646":"t","4647":"e","4648":"-","4649":"s","4650":"p","4651":"a","4652":"c","4653":"e","4654":":","4655":" ","4656":"n","4657":"o","4658":"w","4659":"r","4660":"a","4661":"p","4662":";","4663":"\\","4664":"r","4665":"\\","4666":"n","4667":" ","4668":" ","4669":"c","4670":"u","4671":"r","4672":"s","4673":"o","4674":"r","4675":":","4676":" ","4677":"p","4678":"o","4679":"i","4680":"n","4681":"t","4682":"e","4683":"r","4684":";","4685":"\\","4686":"r","4687":"\\","4688":"n","4689":" ","4690":" ","4691":"b","4692":"a","4693":"c","4694":"k","4695":"g","4696":"r","4697":"o","4698":"u","4699":"n","4700":"d","4701":":","4702":" ","4703":"$","4704":"-","4705":"-","4706":"b","4707":"u","4708":"t","4709":"t","4710":"o","4711":"n","4712":"-","4713":"d","4714":"e","4715":"f","4716":"a","4717":"u","4718":"l","4719":"t","4720":"-","4721":"b","4722":"a","4723":"c","4724":"k","4725":"g","4726":"r","4727":"o","4728":"u","4729":"n","4730":"d","4731":"-","4732":"c","4733":"o","4734":"l","4735":"o","4736":"r","4737":";","4738":"\\","4739":"r","4740":"\\","4741":"n","4742":" ","4743":" ","4744":"c","4745":"o","4746":"l","4747":"o","4748":"r","4749":":","4750":" ","4751":"$","4752":"-","4753":"-","4754":"b","4755":"u","4756":"t","4757":"t","4758":"o","4759":"n","4760":"-","4761":"d","4762":"e","4763":"f","4764":"a","4765":"u","4766":"l","4767":"t","4768":"-","4769":"f","4770":"o","4771":"n","4772":"t","4773":"-","4774":"c","4775":"o","4776":"l","4777":"o","4778":"r","4779":";","4780":"\\","4781":"r","4782":"\\","4783":"n","4784":" ","4785":" ","4786":"-","4787":"w","4788":"e","4789":"b","4790":"k","4791":"i","4792":"t","4793":"-","4794":"a","4795":"p","4796":"p","4797":"e","4798":"a","4799":"r","4800":"a","4801":"n","4802":"c","4803":"e","4804":":","4805":" ","4806":"n","4807":"o","4808":"n","4809":"e","4810":";","4811":"\\","4812":"r","4813":"\\","4814":"n","4815":" ","4816":" ","4817":"t","4818":"e","4819":"x","4820":"t","4821":"-","4822":"a","4823":"l","4824":"i","4825":"g","4826":"n","4827":":","4828":" ","4829":"c","4830":"e","4831":"n","4832":"t","4833":"e","4834":"r","4835":";","4836":"\\","4837":"r","4838":"\\","4839":"n","4840":" ","4841":" ","4842":"b","4843":"o","4844":"r","4845":"d","4846":"e","4847":"r","4848":":","4849":" ","4850":"$","4851":"-","4852":"-","4853":"b","4854":"o","4855":"r","4856":"d","4857":"e","4858":"r","4859":"-","4860":"b","4861":"a","4862":"s","4863":"e","4864":";","4865":"\\","4866":"r","4867":"\\","4868":"n","4869":" ","4870":" ","4871":"b","4872":"o","4873":"r","4874":"d","4875":"e","4876":"r","4877":"-","4878":"c","4879":"o","4880":"l","4881":"o","4882":"r","4883":":","4884":" ","4885":"$","4886":"-","4887":"-","4888":"b","4889":"u","4890":"t","4891":"t","4892":"o","4893":"n","4894":"-","4895":"d","4896":"e","4897":"f","4898":"a","4899":"u","4900":"l","4901":"t","4902":"-","4903":"b","4904":"o","4905":"r","4906":"d","4907":"e","4908":"r","4909":"-","4910":"c","4911":"o","4912":"l","4913":"o","4914":"r","4915":";","4916":"\\","4917":"r","4918":"\\","4919":"n","4920":" ","4921":" ","4922":"b","4923":"o","4924":"x","4925":"-","4926":"s","4927":"i","4928":"z","4929":"i","4930":"n","4931":"g","4932":":","4933":" ","4934":"b","4935":"o","4936":"r","4937":"d","4938":"e","4939":"r","4940":"-","4941":"b","4942":"o","4943":"x","4944":";","4945":"\\","4946":"r","4947":"\\","4948":"n","4949":" ","4950":" ","4951":"o","4952":"u","4953":"t","4954":"l","4955":"i","4956":"n","4957":"e","4958":":","4959":" ","4960":"n","4961":"o","4962":"n","4963":"e","4964":";","4965":"\\","4966":"r","4967":"\\","4968":"n","4969":" ","4970":" ","4971":"m","4972":"a","4973":"r","4974":"g","4975":"i","4976":"n","4977":":","4978":" ","4979":"0","4980":";","4981":"\\","4982":"r","4983":"\\","4984":"n","4985":" ","4986":" ","4987":"f","4988":"o","4989":"n","4990":"t","4991":"-","4992":"w","4993":"e","4994":"i","4995":"g","4996":"h","4997":"t","4998":":","4999":" ","5000":"$","5001":"-","5002":"-","5003":"b","5004":"u","5005":"t","5006":"t","5007":"o","5008":"n","5009":"-","5010":"f","5011":"o","5012":"n","5013":"t","5014":"-","5015":"w","5016":"e","5017":"i","5018":"g","5019":"h","5020":"t","5021":";","5022":"\\","5023":"r","5024":"\\","5025":"n","5026":" ","5027":" ","5028":"&","5029":" ","5030":"+","5031":" ","5032":"&","5033":" ","5034":"{","5035":"\\","5036":"r","5037":"\\","5038":"n","5039":" ","5040":" ","5041":" ","5042":" ","5043":"m","5044":"a","5045":"r","5046":"g","5047":"i","5048":"n","5049":"-","5050":"l","5051":"e","5052":"f","5053":"t","5054":":","5055":" ","5056":"1","5057":"0","5058":"p","5059":"x","5060":";","5061":"\\","5062":"r","5063":"\\","5064":"n","5065":" ","5066":" ","5067":"}","5068":"\\","5069":"r","5070":"\\","5071":"n","5072":" ","5073":" ","5074":"@","5075":"i","5076":"n","5077":"c","5078":"l","5079":"u","5080":"d","5081":"e","5082":" ","5083":"b","5084":"u","5085":"t","5086":"t","5087":"o","5088":"n","5089":"-","5090":"s","5091":"i","5092":"z","5093":"e","5094":"(","5095":"\\","5096":"r","5097":"\\","5098":"n","5099":" ","5100":" ","5101":" ","5102":" ","5103":"$","5104":"-","5105":"-","5106":"b","5107":"u","5108":"t","5109":"t","5110":"o","5111":"n","5112":"-","5113":"p","5114":"a","5115":"d","5116":"d","5117":"i","5118":"n","5119":"g","5120":"-","5121":"v","5122":"e","5123":"r","5124":"t","5125":"i","5126":"c","5127":"a","5128":"l","5129":",","5130":"\\","5131":"r","5132":"\\","5133":"n","5134":" ","5135":" ","5136":" ","5137":" ","5138":"$","5139":"-","5140":"-","5141":"b","5142":"u","5143":"t","5144":"t","5145":"o","5146":"n","5147":"-","5148":"p","5149":"a","5150":"d","5151":"d","5152":"i","5153":"n","5154":"g","5155":"-","5156":"h","5157":"o","5158":"r","5159":"i","5160":"z","5161":"o","5162":"n","5163":"t","5164":"a","5165":"l","5166":",","5167":"\\","5168":"r","5169":"\\","5170":"n","5171":" ","5172":" ","5173":" ","5174":" ","5175":"$","5176":"-","5177":"-","5178":"b","5179":"u","5180":"t","5181":"t","5182":"o","5183":"n","5184":"-","5185":"f","5186":"o","5187":"n","5188":"t","5189":"-","5190":"s","5191":"i","5192":"z","5193":"e","5194":",","5195":"\\","5196":"r","5197":"\\","5198":"n","5199":" ","5200":" ","5201":" ","5202":" ","5203":"$","5204":"-","5205":"-","5206":"b","5207":"u","5208":"t","5209":"t","5210":"o","5211":"n","5212":"-","5213":"b","5214":"o","5215":"r","5216":"d","5217":"e","5218":"r","5219":"-","5220":"r","5221":"a","5222":"d","5223":"i","5224":"u","5225":"s","5226":"\\","5227":"r","5228":"\\","5229":"n","5230":" ","5231":" ","5232":")","5233":";","5234":"\\","5235":"r","5236":"\\","5237":"n","5238":" ","5239":" ","5240":"&","5241":":","5242":"h","5243":"o","5244":"v","5245":"e","5246":"r","5247":",","5248":"\\","5249":"r","5250":"\\","5251":"n","5252":" ","5253":" ","5254":"&","5255":":","5256":"f","5257":"o","5258":"c","5259":"u","5260":"s","5261":" ","5262":"{","5263":"\\","5264":"r","5265":"\\","5266":"n","5267":" ","5268":" ","5269":" ","5270":" ","5271":"c","5272":"o","5273":"l","5274":"o","5275":"r","5276":":","5277":" ","5278":"$","5279":"-","5280":"-","5281":"c","5282":"o","5283":"l","5284":"o","5285":"r","5286":"-","5287":"p","5288":"r","5289":"i","5290":"m","5291":"a","5292":"r","5293":"y","5294":";","5295":"\\","5296":"r","5297":"\\","5298":"n","5299":" ","5300":" ","5301":" ","5302":" ","5303":"b","5304":"o","5305":"r","5306":"d","5307":"e","5308":"r","5309":"-","5310":"c","5311":"o","5312":"l","5313":"o","5314":"r","5315":":","5316":" ","5317":"m","5318":"i","5319":"x","5320":"(","5321":"$","5322":"-","5323":"-","5324":"c","5325":"o","5326":"l","5327":"o","5328":"r","5329":"-","5330":"w","5331":"h","5332":"i","5333":"t","5334":"e","5335":",","5336":"$","5337":"-","5338":"-","5339":"c","5340":"o","5341":"l","5342":"o","5343":"r","5344":"-","5345":"p","5346":"r","5347":"i","5348":"m","5349":"a","5350":"r","5351":"y","5352":",","5353":"7","5354":"0","5355":"%","5356":")","5357":";","5358":"\\","5359":"r","5360":"\\","5361":"n","5362":" ","5363":" ","5364":" ","5365":" ","5366":"b","5367":"a","5368":"c","5369":"k","5370":"g","5371":"r","5372":"o","5373":"u","5374":"n","5375":"d","5376":"-","5377":"c","5378":"o","5379":"l","5380":"o","5381":"r","5382":":","5383":" ","5384":"m","5385":"i","5386":"x","5387":"(","5388":"$","5389":"-","5390":"-","5391":"c","5392":"o","5393":"l","5394":"o","5395":"r","5396":"-","5397":"w","5398":"h","5399":"i","5400":"t","5401":"e","5402":",","5403":"$","5404":"-","5405":"-","5406":"c","5407":"o","5408":"l","5409":"o","5410":"r","5411":"-","5412":"p","5413":"r","5414":"i","5415":"m","5416":"a","5417":"r","5418":"y","5419":",","5420":"9","5421":"0","5422":"%","5423":")","5424":";","5425":"\\","5426":"r","5427":"\\","5428":"n","5429":" ","5430":" ","5431":"}","5432":"\\","5433":"r","5434":"\\","5435":"n","5436":" ","5437":" ","5438":"@","5439":"i","5440":"n","5441":"c","5442":"l","5443":"u","5444":"d","5445":"e","5446":" ","5447":"m","5448":"(","5449":"m","5450":"e","5451":"d","5452":"i","5453":"u","5454":"m","5455":")","5456":" ","5457":"{","5458":"\\","5459":"r","5460":"\\","5461":"n","5462":" ","5463":" ","5464":" ","5465":" ","5466":"@","5467":"i","5468":"n","5469":"c","5470":"l","5471":"u","5472":"d","5473":"e","5474":" ","5475":"b","5476":"u","5477":"t","5478":"t","5479":"o","5480":"n","5481":"-","5482":"s","5483":"i","5484":"z","5485":"e","5486":"(","5487":"\\","5488":"r","5489":"\\","5490":"n","5491":" ","5492":" ","5493":" ","5494":" ","5495":" ","5496":" ","5497":"$","5498":"-","5499":"-","5500":"b","5501":"u","5502":"t","5503":"t","5504":"o","5505":"n","5506":"-","5507":"m","5508":"e","5509":"d","5510":"i","5511":"u","5512":"m","5513":"-","5514":"p","5515":"a","5516":"d","5517":"d","5518":"i","5519":"n","5520":"g","5521":"-","5522":"v","5523":"e","5524":"r","5525":"t","5526":"i","5527":"c","5528":"a","5529":"l","5530":",","5531":"\\","5532":"r","5533":"\\","5534":"n","5535":" ","5536":" ","5537":" ","5538":" ","5539":" ","5540":" ","5541":"$","5542":"-","5543":"-","5544":"b","5545":"u","5546":"t","5547":"t","5548":"o","5549":"n","5550":"-","5551":"m","5552":"e","5553":"d","5554":"i","5555":"u","5556":"m","5557":"-","5558":"p","5559":"a","5560":"d","5561":"d","5562":"i","5563":"n","5564":"g","5565":"-","5566":"h","5567":"o","5568":"r","5569":"i","5570":"z","5571":"o","5572":"n","5573":"t","5574":"a","5575":"l","5576":",","5577":"\\","5578":"r","5579":"\\","5580":"n","5581":" ","5582":" ","5583":" ","5584":" ","5585":" ","5586":" ","5587":"$","5588":"-","5589":"-","5590":"b","5591":"u","5592":"t","5593":"t","5594":"o","5595":"n","5596":"-","5597":"m","5598":"e","5599":"d","5600":"i","5601":"u","5602":"m","5603":"-","5604":"f","5605":"o","5606":"n","5607":"t","5608":"-","5609":"s","5610":"i","5611":"z","5612":"e","5613":",","5614":"\\","5615":"r","5616":"\\","5617":"n","5618":" ","5619":" ","5620":" ","5621":" ","5622":" ","5623":" ","5624":"$","5625":"-","5626":"-","5627":"b","5628":"u","5629":"t","5630":"t","5631":"o","5632":"n","5633":"-","5634":"m","5635":"e","5636":"d","5637":"i","5638":"u","5639":"m","5640":"-","5641":"b","5642":"o","5643":"r","5644":"d","5645":"e","5646":"r","5647":"-","5648":"r","5649":"a","5650":"d","5651":"i","5652":"u","5653":"s","5654":"\\","5655":"r","5656":"\\","5657":"n","5658":" ","5659":" ","5660":" ","5661":" ","5662":")","5663":";","5664":"\\","5665":"r","5666":"\\","5667":"n","5668":" ","5669":" ","5670":"}","5671":"\\","5672":"r","5673":"\\","5674":"n","5675":" ","5676":" ","5677":"@","5678":"i","5679":"n","5680":"c","5681":"l","5682":"u","5683":"d","5684":"e","5685":" ","5686":"m","5687":"(","5688":"s","5689":"m","5690":"a","5691":"l","5692":"l","5693":")","5694":" ","5695":"{","5696":"\\","5697":"r","5698":"\\","5699":"n","5700":" ","5701":" ","5702":" ","5703":" ","5704":"@","5705":"i","5706":"n","5707":"c","5708":"l","5709":"u","5710":"d","5711":"e","5712":" ","5713":"b","5714":"u","5715":"t","5716":"t","5717":"o","5718":"n","5719":"-","5720":"s","5721":"i","5722":"z","5723":"e","5724":"(","5725":"\\","5726":"r","5727":"\\","5728":"n","5729":" ","5730":" ","5731":" ","5732":" ","5733":" ","5734":" ","5735":"$","5736":"-","5737":"-","5738":"b","5739":"u","5740":"t","5741":"t","5742":"o","5743":"n","5744":"-","5745":"s","5746":"m","5747":"a","5748":"l","5749":"l","5750":"-","5751":"p","5752":"a","5753":"d","5754":"d","5755":"i","5756":"n","5757":"g","5758":"-","5759":"v","5760":"e","5761":"r","5762":"t","5763":"i","5764":"c","5765":"a","5766":"l","5767":",","5768":"\\","5769":"r","5770":"\\","5771":"n","5772":" ","5773":" ","5774":" ","5775":" ","5776":" ","5777":" ","5778":"$","5779":"-","5780":"-","5781":"b","5782":"u","5783":"t","5784":"t","5785":"o","5786":"n","5787":"-","5788":"s","5789":"m","5790":"a","5791":"l","5792":"l","5793":"-","5794":"p","5795":"a","5796":"d","5797":"d","5798":"i","5799":"n","5800":"g","5801":"-","5802":"h","5803":"o","5804":"r","5805":"i","5806":"z","5807":"o","5808":"n","5809":"t","5810":"a","5811":"l","5812":",","5813":"\\","5814":"r","5815":"\\","5816":"n","5817":" ","5818":" ","5819":" ","5820":" ","5821":" ","5822":" ","5823":"$","5824":"-","5825":"-","5826":"b","5827":"u","5828":"t","5829":"t","5830":"o","5831":"n","5832":"-","5833":"s","5834":"m","5835":"a","5836":"l","5837":"l","5838":"-","5839":"f","5840":"o","5841":"n","5842":"t","5843":"-","5844":"s","5845":"i","5846":"z","5847":"e","5848":",","5849":"\\","5850":"r","5851":"\\","5852":"n","5853":" ","5854":" ","5855":" ","5856":" ","5857":" ","5858":" ","5859":"$","5860":"-","5861":"-","5862":"b","5863":"u","5864":"t","5865":"t","5866":"o","5867":"n","5868":"-","5869":"s","5870":"m","5871":"a","5872":"l","5873":"l","5874":"-","5875":"b","5876":"o","5877":"r","5878":"d","5879":"e","5880":"r","5881":"-","5882":"r","5883":"a","5884":"d","5885":"i","5886":"u","5887":"s","5888":"\\","5889":"r","5890":"\\","5891":"n","5892":" ","5893":" ","5894":" ","5895":" ","5896":")","5897":";","5898":"\\","5899":"r","5900":"\\","5901":"n","5902":"\\","5903":"r","5904":"\\","5905":"n","5906":" ","5907":" ","5908":"}","5909":"\\","5910":"r","5911":"\\","5912":"n","5913":" ","5914":" ","5915":"@","5916":"i","5917":"n","5918":"c","5919":"l","5920":"u","5921":"d","5922":"e","5923":" ","5924":"m","5925":"(","5926":"l","5927":"a","5928":"r","5929":"g","5930":"e","5931":")","5932":" ","5933":"{","5934":"\\","5935":"r","5936":"\\","5937":"n","5938":" ","5939":" ","5940":" ","5941":" ","5942":"@","5943":"i","5944":"n","5945":"c","5946":"l","5947":"u","5948":"d","5949":"e","5950":" ","5951":"b","5952":"u","5953":"t","5954":"t","5955":"o","5956":"n","5957":"-","5958":"s","5959":"i","5960":"z","5961":"e","5962":"(","5963":"\\","5964":"r","5965":"\\","5966":"n","5967":" ","5968":" ","5969":" ","5970":" ","5971":" ","5972":" ","5973":"$","5974":"-","5975":"-","5976":"b","5977":"u","5978":"t","5979":"t","5980":"o","5981":"n","5982":"-","5983":"l","5984":"a","5985":"r","5986":"g","5987":"e","5988":"-","5989":"p","5990":"a","5991":"d","5992":"d","5993":"i","5994":"n","5995":"g","5996":"-","5997":"v","5998":"e","5999":"r","6000":"t","6001":"i","6002":"c","6003":"a","6004":"l","6005":",","6006":"\\","6007":"r","6008":"\\","6009":"n","6010":" ","6011":" ","6012":" ","6013":" ","6014":" ","6015":" ","6016":"$","6017":"-","6018":"-","6019":"b","6020":"u","6021":"t","6022":"t","6023":"o","6024":"n","6025":"-","6026":"l","6027":"a","6028":"r","6029":"g","6030":"e","6031":"-","6032":"p","6033":"a","6034":"d","6035":"d","6036":"i","6037":"n","6038":"g","6039":"-","6040":"h","6041":"o","6042":"r","6043":"i","6044":"z","6045":"o","6046":"n","6047":"t","6048":"a","6049":"l","6050":",","6051":"\\","6052":"r","6053":"\\","6054":"n","6055":" ","6056":" ","6057":" ","6058":" ","6059":" ","6060":" ","6061":"$","6062":"-","6063":"-","6064":"b","6065":"u","6066":"t","6067":"t","6068":"o","6069":"n","6070":"-","6071":"l","6072":"a","6073":"r","6074":"g","6075":"e","6076":"-","6077":"f","6078":"o","6079":"n","6080":"t","6081":"-","6082":"s","6083":"i","6084":"z","6085":"e","6086":",","6087":"\\","6088":"r","6089":"\\","6090":"n","6091":" ","6092":" ","6093":" ","6094":" ","6095":" ","6096":" ","6097":"$","6098":"-","6099":"-","6100":"b","6101":"u","6102":"t","6103":"t","6104":"o","6105":"n","6106":"-","6107":"l","6108":"a","6109":"r","6110":"g","6111":"e","6112":"-","6113":"b","6114":"o","6115":"r","6116":"d","6117":"e","6118":"r","6119":"-","6120":"r","6121":"a","6122":"d","6123":"i","6124":"u","6125":"s","6126":"\\","6127":"r","6128":"\\","6129":"n","6130":" ","6131":" ","6132":" ","6133":" ","6134":")","6135":";","6136":"\\","6137":"r","6138":"\\","6139":"n","6140":" ","6141":" ","6142":"}","6143":"\\","6144":"r","6145":"\\","6146":"n","6147":"@","6148":"i","6149":"n","6150":"c","6151":"l","6152":"u","6153":"d","6154":"e","6155":" ","6156":"m","6157":"(","6158":"p","6159":"r","6160":"i","6161":"m","6162":"a","6163":"r","6164":"y","6165":")","6166":" ","6167":"{","6168":"\\","6169":"r","6170":"\\","6171":"n","6172":" ","6173":" ","6174":" ","6175":" ","6176":"@","6177":"i","6178":"n","6179":"c","6180":"l","6181":"u","6182":"d","6183":"e","6184":" ","6185":"b","6186":"u","6187":"t","6188":"t","6189":"o","6190":"n","6191":"-","6192":"v","6193":"a","6194":"r","6195":"i","6196":"a","6197":"n","6198":"t","6199":"(","6200":"\\","6201":"r","6202":"\\","6203":"n","6204":" ","6205":" ","6206":" ","6207":" ","6208":" ","6209":" ","6210":"$","6211":"-","6212":"-","6213":"b","6214":"u","6215":"t","6216":"t","6217":"o","6218":"n","6219":"-","6220":"p","6221":"r","6222":"i","6223":"m","6224":"a","6225":"r","6226":"y","6227":"-","6228":"f","6229":"o","6230":"n","6231":"t","6232":"-","6233":"c","6234":"o","6235":"l","6236":"o","6237":"r","6238":",","6239":"\\","6240":"r","6241":"\\","6242":"n","6243":" ","6244":" ","6245":" ","6246":" ","6247":" ","6248":" ","6249":"$","6250":"-","6251":"-","6252":"b","6253":"u","6254":"t","6255":"t","6256":"o","6257":"n","6258":"-","6259":"p","6260":"r","6261":"i","6262":"m","6263":"a","6264":"r","6265":"y","6266":"-","6267":"b","6268":"a","6269":"c","6270":"k","6271":"g","6272":"r","6273":"o","6274":"u","6275":"n","6276":"d","6277":"-","6278":"c","6279":"o","6280":"l","6281":"o","6282":"r","6283":",","6284":"\\","6285":"r","6286":"\\","6287":"n","6288":" ","6289":" ","6290":" ","6291":" ","6292":" ","6293":" ","6294":"$","6295":"-","6296":"-","6297":"b","6298":"u","6299":"t","6300":"t","6301":"o","6302":"n","6303":"-","6304":"p","6305":"r","6306":"i","6307":"m","6308":"a","6309":"r","6310":"y","6311":"-","6312":"b","6313":"o","6314":"r","6315":"d","6316":"e","6317":"r","6318":"-","6319":"c","6320":"o","6321":"l","6322":"o","6323":"r","6324":"\\","6325":"r","6326":"\\","6327":"n","6328":" ","6329":" ","6330":" ","6331":" ","6332":")","6333":";","6334":"\\","6335":"r","6336":"\\","6337":"n","6338":" ","6339":" ","6340":"}","6341":"\\","6342":"r","6343":"\\","6344":"n","6345":" ","6346":" ","6347":"@","6348":"i","6349":"n","6350":"c","6351":"l","6352":"u","6353":"d","6354":"e","6355":" ","6356":"m","6357":"(","6358":"s","6359":"u","6360":"c","6361":"c","6362":"e","6363":"s","6364":"s","6365":")","6366":" ","6367":"{","6368":"\\","6369":"r","6370":"\\","6371":"n","6372":" ","6373":" ","6374":" ","6375":" ","6376":"@","6377":"i","6378":"n","6379":"c","6380":"l","6381":"u","6382":"d","6383":"e","6384":" ","6385":"b","6386":"u","6387":"t","6388":"t","6389":"o","6390":"n","6391":"-","6392":"v","6393":"a","6394":"r","6395":"i","6396":"a","6397":"n","6398":"t","6399":"(","6400":"\\","6401":"r","6402":"\\","6403":"n","6404":" ","6405":" ","6406":" ","6407":" ","6408":" ","6409":" ","6410":"$","6411":"-","6412":"-","6413":"b","6414":"u","6415":"t","6416":"t","6417":"o","6418":"n","6419":"-","6420":"s","6421":"u","6422":"c","6423":"c","6424":"e","6425":"s","6426":"s","6427":"-","6428":"f","6429":"o","6430":"n","6431":"t","6432":"-","6433":"c","6434":"o","6435":"l","6436":"o","6437":"r","6438":",","6439":"\\","6440":"r","6441":"\\","6442":"n","6443":" ","6444":" ","6445":" ","6446":" ","6447":" ","6448":" ","6449":"$","6450":"-","6451":"-","6452":"b","6453":"u","6454":"t","6455":"t","6456":"o","6457":"n","6458":"-","6459":"s","6460":"u","6461":"c","6462":"c","6463":"e","6464":"s","6465":"s","6466":"-","6467":"b","6468":"a","6469":"c","6470":"k","6471":"g","6472":"r","6473":"o","6474":"u","6475":"n","6476":"d","6477":"-","6478":"c","6479":"o","6480":"l","6481":"o","6482":"r","6483":",","6484":"\\","6485":"r","6486":"\\","6487":"n","6488":" ","6489":" ","6490":" ","6491":" ","6492":" ","6493":" ","6494":"$","6495":"-","6496":"-","6497":"b","6498":"u","6499":"t","6500":"t","6501":"o","6502":"n","6503":"-","6504":"s","6505":"u","6506":"c","6507":"c","6508":"e","6509":"s","6510":"s","6511":"-","6512":"b","6513":"o","6514":"r","6515":"d","6516":"e","6517":"r","6518":"-","6519":"c","6520":"o","6521":"l","6522":"o","6523":"r","6524":"\\","6525":"r","6526":"\\","6527":"n","6528":" ","6529":" ","6530":" ","6531":" ","6532":")","6533":";","6534":"\\","6535":"r","6536":"\\","6537":"n","6538":" ","6539":" ","6540":"}","6541":"\\","6542":"r","6543":"\\","6544":"n","6545":" ","6546":" ","6547":"@","6548":"i","6549":"n","6550":"c","6551":"l","6552":"u","6553":"d","6554":"e","6555":" ","6556":"m","6557":"(","6558":"d","6559":"a","6560":"n","6561":"g","6562":"e","6563":"r","6564":")","6565":" ","6566":"{","6567":"\\","6568":"r","6569":"\\","6570":"n","6571":" ","6572":" ","6573":" ","6574":" ","6575":"@","6576":"i","6577":"n","6578":"c","6579":"l","6580":"u","6581":"d","6582":"e","6583":" ","6584":"b","6585":"u","6586":"t","6587":"t","6588":"o","6589":"n","6590":"-","6591":"v","6592":"a","6593":"r","6594":"i","6595":"a","6596":"n","6597":"t","6598":"(","6599":"\\","6600":"r","6601":"\\","6602":"n","6603":" ","6604":" ","6605":" ","6606":" ","6607":" ","6608":" ","6609":"$","6610":"-","6611":"-","6612":"b","6613":"u","6614":"t","6615":"t","6616":"o","6617":"n","6618":"-","6619":"d","6620":"a","6621":"n","6622":"g","6623":"e","6624":"r","6625":"-","6626":"f","6627":"o","6628":"n","6629":"t","6630":"-","6631":"c","6632":"o","6633":"l","6634":"o","6635":"r","6636":",","6637":"\\","6638":"r","6639":"\\","6640":"n","6641":" ","6642":" ","6643":" ","6644":" ","6645":" ","6646":" ","6647":"$","6648":"-","6649":"-","6650":"b","6651":"u","6652":"t","6653":"t","6654":"o","6655":"n","6656":"-","6657":"d","6658":"a","6659":"n","6660":"g","6661":"e","6662":"r","6663":"-","6664":"b","6665":"a","6666":"c","6667":"k","6668":"g","6669":"r","6670":"o","6671":"u","6672":"n","6673":"d","6674":"-","6675":"c","6676":"o","6677":"l","6678":"o","6679":"r","6680":",","6681":"\\","6682":"r","6683":"\\","6684":"n","6685":" ","6686":" ","6687":" ","6688":" ","6689":" ","6690":" ","6691":"$","6692":"-","6693":"-","6694":"b","6695":"u","6696":"t","6697":"t","6698":"o","6699":"n","6700":"-","6701":"d","6702":"a","6703":"n","6704":"g","6705":"e","6706":"r","6707":"-","6708":"b","6709":"o","6710":"r","6711":"d","6712":"e","6713":"r","6714":"-","6715":"c","6716":"o","6717":"l","6718":"o","6719":"r","6720":"\\","6721":"r","6722":"\\","6723":"n","6724":" ","6725":" ","6726":" ","6727":" ","6728":")","6729":";","6730":"\\","6731":"r","6732":"\\","6733":"n","6734":" ","6735":" ","6736":"}","6737":"\\","6738":"r","6739":"\\","6740":"n","6741":"}","6742":"\\","6743":"r","6744":"\\","6745":"n","6746":"<","6747":"/","6748":"s","6749":"t","6750":"y","6751":"l","6752":"e","6753":">","6754":"\"","6755":"]","6756":"}"},"_coverageSchema":"1a1c01bbd47fc00a2c39e90264f33305004495a9","hash":"66f18dd24da5f80b78f0957346a6976b3226fb8e"}
}
